<?xml version="1.0" encoding="utf-8"?>
<CoverageSession xmlns:xsd="http://www.w3.org/2001/XMLSchema" xmlns:xsi="http://www.w3.org/2001/XMLSchema-instance" Version="0.0.0.0">
  <Summary numSequencePoints="400" visitedSequencePoints="46" numBranchPoints="0" visitedBranchPoints="0" sequenceCoverage="11.5" branchCoverage="0.0" maxCyclomaticComplexity="9" minCyclomaticComplexity="1" maxCrapScore="42" minCrapScore="1" visitedClasses="4" numClasses="19" visitedMethods="13" numMethods="81" />
  <Modules>
    <Module>
      <Summary numSequencePoints="82" visitedSequencePoints="32" numBranchPoints="0" visitedBranchPoints="0" sequenceCoverage="39.0" branchCoverage="0.0" maxCyclomaticComplexity="4" minCyclomaticComplexity="1" maxCrapScore="20" minCrapScore="1" visitedClasses="3" numClasses="4" visitedMethods="11" numMethods="26" />
      <ModuleTime>0001-01-01T00:00:00</ModuleTime>
      <ModuleName>CareBoo.Serially</ModuleName>
      <Files>
        <File uid="1" fullPath="/home/jason/Projects/Serially/Packages/com.careboo.serially/Runtime/DerivedFromAttribute.cs" />
        <File uid="2" fullPath="/home/jason/Projects/Serially/Packages/com.careboo.serially/Runtime/ProvideSourceInfoAttribute.cs" />
        <File uid="3" fullPath="/home/jason/Projects/Serially/Packages/com.careboo.serially/Runtime/SerializableType.cs" />
      </Files>
      <Classes>
        <Class>
          <Summary numSequencePoints="12" visitedSequencePoints="0" numBranchPoints="0" visitedBranchPoints="0" sequenceCoverage="0.0" branchCoverage="0.0" maxCyclomaticComplexity="1" minCyclomaticComplexity="1" maxCrapScore="2" minCrapScore="2" visitedClasses="0" numClasses="1" visitedMethods="0" numMethods="6" />
          <FullName>CareBoo.Serially.DerivedFromAttribute</FullName>
          <Methods>
            <Method visited="false" cyclomaticComplexity="1" nPathComplexity="0" sequenceCoverage="0.0" branchCoverage="0" crapScore="2" isConstructor="false" isStatic="false" isGetter="true" isSetter="false">
              <Summary numSequencePoints="1" visitedSequencePoints="0" numBranchPoints="0" visitedBranchPoints="0" sequenceCoverage="0.0" branchCoverage="0" maxCyclomaticComplexity="1" minCyclomaticComplexity="1" maxCrapScore="2" minCrapScore="2" visitedClasses="0" numClasses="0" visitedMethods="0" numMethods="1" />
              <MetadataToken>100663297</MetadataToken>
              <Name>System.Type CareBoo.Serially.DerivedFromAttribute::get_Type()</Name>
              <FileRef uid="1" />
              <SequencePoints>
                <SequencePoint vc="0" uspid="401" ordinal="0" offset="0" sl="10" sc="0" el="10" ec="0" bec="0" bev="0" fileid="1" />
              </SequencePoints>
              <BranchPoints />
            </Method>
            <Method visited="false" cyclomaticComplexity="1" nPathComplexity="0" sequenceCoverage="0.0" branchCoverage="0" crapScore="2" isConstructor="false" isStatic="false" isGetter="true" isSetter="false">
              <Summary numSequencePoints="1" visitedSequencePoints="0" numBranchPoints="0" visitedBranchPoints="0" sequenceCoverage="0.0" branchCoverage="0" maxCyclomaticComplexity="1" minCyclomaticComplexity="1" maxCrapScore="2" minCrapScore="2" visitedClasses="0" numClasses="0" visitedMethods="0" numMethods="1" />
              <MetadataToken>100663298</MetadataToken>
              <Name>System.Func[Type] CareBoo.Serially.DerivedFromAttribute::get_TypeDelegate()</Name>
              <FileRef uid="1" />
              <SequencePoints>
                <SequencePoint vc="0" uspid="402" ordinal="0" offset="0" sl="12" sc="0" el="12" ec="0" bec="0" bev="0" fileid="1" />
              </SequencePoints>
              <BranchPoints />
            </Method>
            <Method visited="false" cyclomaticComplexity="1" nPathComplexity="0" sequenceCoverage="0.0" branchCoverage="0" crapScore="2" isConstructor="false" isStatic="false" isGetter="false" isSetter="true">
              <Summary numSequencePoints="1" visitedSequencePoints="0" numBranchPoints="0" visitedBranchPoints="0" sequenceCoverage="0.0" branchCoverage="0" maxCyclomaticComplexity="1" minCyclomaticComplexity="1" maxCrapScore="2" minCrapScore="2" visitedClasses="0" numClasses="0" visitedMethods="0" numMethods="1" />
              <MetadataToken>100663299</MetadataToken>
              <Name>System.Void CareBoo.Serially.DerivedFromAttribute::set_TypeDelegate(System.Func[Type])</Name>
              <FileRef uid="1" />
              <SequencePoints>
                <SequencePoint vc="0" uspid="403" ordinal="0" offset="0" sl="12" sc="0" el="12" ec="0" bec="0" bev="0" fileid="1" />
              </SequencePoints>
              <BranchPoints />
            </Method>
            <Method visited="false" cyclomaticComplexity="1" nPathComplexity="0" sequenceCoverage="0.0" branchCoverage="0" crapScore="2" isConstructor="false" isStatic="false" isGetter="true" isSetter="false">
              <Summary numSequencePoints="1" visitedSequencePoints="0" numBranchPoints="0" visitedBranchPoints="0" sequenceCoverage="0.0" branchCoverage="0" maxCyclomaticComplexity="1" minCyclomaticComplexity="1" maxCrapScore="2" minCrapScore="2" visitedClasses="0" numClasses="0" visitedMethods="0" numMethods="1" />
              <MetadataToken>100663300</MetadataToken>
              <Name>System.String CareBoo.Serially.DerivedFromAttribute::get_TypeDelegateName()</Name>
              <FileRef uid="1" />
              <SequencePoints>
                <SequencePoint vc="0" uspid="404" ordinal="0" offset="0" sl="14" sc="0" el="14" ec="0" bec="0" bev="0" fileid="1" />
              </SequencePoints>
              <BranchPoints />
            </Method>
            <Method visited="false" cyclomaticComplexity="1" nPathComplexity="0" sequenceCoverage="0.0" branchCoverage="0" crapScore="2" isConstructor="true" isStatic="false" isGetter="false" isSetter="false">
              <Summary numSequencePoints="4" visitedSequencePoints="0" numBranchPoints="0" visitedBranchPoints="0" sequenceCoverage="0.0" branchCoverage="0" maxCyclomaticComplexity="1" minCyclomaticComplexity="1" maxCrapScore="2" minCrapScore="2" visitedClasses="0" numClasses="0" visitedMethods="0" numMethods="1" />
              <MetadataToken>100663301</MetadataToken>
              <Name>CareBoo.Serially.DerivedFromAttribute::DerivedFromAttribute(System.Type)</Name>
              <FileRef uid="1" />
              <SequencePoints>
                <SequencePoint vc="0" uspid="405" ordinal="0" offset="0" sl="16" sc="0" el="16" ec="0" bec="0" bev="0" fileid="1" />
                <SequencePoint vc="0" uspid="406" ordinal="0" offset="7" sl="17" sc="0" el="17" ec="0" bec="0" bev="0" fileid="1" />
                <SequencePoint vc="0" uspid="407" ordinal="0" offset="8" sl="18" sc="0" el="18" ec="0" bec="0" bev="0" fileid="1" />
                <SequencePoint vc="0" uspid="408" ordinal="0" offset="15" sl="19" sc="0" el="19" ec="0" bec="0" bev="0" fileid="1" />
              </SequencePoints>
              <BranchPoints />
            </Method>
            <Method visited="false" cyclomaticComplexity="1" nPathComplexity="0" sequenceCoverage="0.0" branchCoverage="0" crapScore="2" isConstructor="true" isStatic="false" isGetter="false" isSetter="false">
              <Summary numSequencePoints="4" visitedSequencePoints="0" numBranchPoints="0" visitedBranchPoints="0" sequenceCoverage="0.0" branchCoverage="0" maxCyclomaticComplexity="1" minCyclomaticComplexity="1" maxCrapScore="2" minCrapScore="2" visitedClasses="0" numClasses="0" visitedMethods="0" numMethods="1" />
              <MetadataToken>100663302</MetadataToken>
              <Name>CareBoo.Serially.DerivedFromAttribute::DerivedFromAttribute(System.String)</Name>
              <FileRef uid="1" />
              <SequencePoints>
                <SequencePoint vc="0" uspid="409" ordinal="0" offset="0" sl="21" sc="0" el="21" ec="0" bec="0" bev="0" fileid="1" />
                <SequencePoint vc="0" uspid="410" ordinal="0" offset="7" sl="22" sc="0" el="22" ec="0" bec="0" bev="0" fileid="1" />
                <SequencePoint vc="0" uspid="411" ordinal="0" offset="8" sl="23" sc="0" el="23" ec="0" bec="0" bev="0" fileid="1" />
                <SequencePoint vc="0" uspid="412" ordinal="0" offset="15" sl="24" sc="0" el="24" ec="0" bec="0" bev="0" fileid="1" />
              </SequencePoints>
              <BranchPoints />
            </Method>
          </Methods>
        </Class>
        <Class>
          <Summary numSequencePoints="16" visitedSequencePoints="16" numBranchPoints="0" visitedBranchPoints="0" sequenceCoverage="100.0" branchCoverage="0.0" maxCyclomaticComplexity="2" minCyclomaticComplexity="1" maxCrapScore="2" minCrapScore="1" visitedClasses="1" numClasses="1" visitedMethods="5" numMethods="5" />
          <FullName>CareBoo.Serially.ProvideSourceInfoAttribute</FullName>
          <Methods>
            <Method visited="true" cyclomaticComplexity="1" nPathComplexity="0" sequenceCoverage="100.0" branchCoverage="0" crapScore="1" isConstructor="false" isStatic="false" isGetter="true" isSetter="false">
              <Summary numSequencePoints="1" visitedSequencePoints="1" numBranchPoints="0" visitedBranchPoints="0" sequenceCoverage="100.0" branchCoverage="0" maxCyclomaticComplexity="1" minCyclomaticComplexity="1" maxCrapScore="1" minCrapScore="1" visitedClasses="0" numClasses="0" visitedMethods="1" numMethods="1" />
              <MetadataToken>100663303</MetadataToken>
              <Name>System.String CareBoo.Serially.ProvideSourceInfoAttribute::get_Member()</Name>
              <FileRef uid="2" />
              <SequencePoints>
                <SequencePoint vc="2" uspid="413" ordinal="0" offset="0" sl="15" sc="32" el="15" ec="32" bec="0" bev="0" fileid="2" />
              </SequencePoints>
              <BranchPoints />
            </Method>
            <Method visited="true" cyclomaticComplexity="1" nPathComplexity="0" sequenceCoverage="100.0" branchCoverage="0" crapScore="1" isConstructor="false" isStatic="false" isGetter="true" isSetter="false">
              <Summary numSequencePoints="1" visitedSequencePoints="1" numBranchPoints="0" visitedBranchPoints="0" sequenceCoverage="100.0" branchCoverage="0" maxCyclomaticComplexity="1" minCyclomaticComplexity="1" maxCrapScore="1" minCrapScore="1" visitedClasses="0" numClasses="0" visitedMethods="1" numMethods="1" />
              <MetadataToken>100663304</MetadataToken>
              <Name>System.Int32 CareBoo.Serially.ProvideSourceInfoAttribute::get_LineNumber()</Name>
              <FileRef uid="2" />
              <SequencePoints>
                <SequencePoint vc="1" uspid="414" ordinal="0" offset="0" sl="16" sc="33" el="16" ec="33" bec="0" bev="0" fileid="2" />
              </SequencePoints>
              <BranchPoints />
            </Method>
            <Method visited="true" cyclomaticComplexity="2" nPathComplexity="0" sequenceCoverage="100.0" branchCoverage="0" crapScore="2" isConstructor="false" isStatic="false" isGetter="true" isSetter="false">
              <Summary numSequencePoints="7" visitedSequencePoints="7" numBranchPoints="0" visitedBranchPoints="0" sequenceCoverage="100.0" branchCoverage="0" maxCyclomaticComplexity="2" minCyclomaticComplexity="2" maxCrapScore="2" minCrapScore="2" visitedClasses="0" numClasses="0" visitedMethods="1" numMethods="1" />
              <MetadataToken>100663305</MetadataToken>
              <Name>System.String CareBoo.Serially.ProvideSourceInfoAttribute::get_AssetPath()</Name>
              <FileRef uid="2" />
              <SequencePoints>
                <SequencePoint vc="2" uspid="415" ordinal="0" offset="0" sl="20" sc="13" el="20" ec="13" bec="0" bev="0" fileid="2" />
                <SequencePoint vc="2" uspid="416" ordinal="0" offset="1" sl="21" sc="17" el="21" ec="17" bec="0" bev="0" fileid="2" />
                <SequencePoint vc="2" uspid="417" ordinal="0" offset="14" sl="22" sc="17" el="22" ec="17" bec="0" bev="0" fileid="2" />
                <SequencePoint vc="2" uspid="418" ordinal="0" offset="15" sl="23" sc="21" el="23" ec="21" bec="0" bev="0" fileid="2" />
                <SequencePoint vc="2" uspid="419" ordinal="0" offset="37" sl="24" sc="17" el="24" ec="17" bec="0" bev="0" fileid="2" />
                <SequencePoint vc="2" uspid="420" ordinal="0" offset="38" sl="25" sc="17" el="25" ec="17" bec="0" bev="0" fileid="2" />
                <SequencePoint vc="2" uspid="421" ordinal="0" offset="47" sl="26" sc="13" el="26" ec="13" bec="0" bev="0" fileid="2" />
              </SequencePoints>
              <BranchPoints />
            </Method>
            <Method visited="true" cyclomaticComplexity="1" nPathComplexity="0" sequenceCoverage="100.0" branchCoverage="0" crapScore="1" isConstructor="false" isStatic="true" isGetter="true" isSetter="false">
              <Summary numSequencePoints="1" visitedSequencePoints="1" numBranchPoints="0" visitedBranchPoints="0" sequenceCoverage="100.0" branchCoverage="0" maxCyclomaticComplexity="1" minCyclomaticComplexity="1" maxCrapScore="1" minCrapScore="1" visitedClasses="0" numClasses="0" visitedMethods="1" numMethods="1" />
              <MetadataToken>100663306</MetadataToken>
              <Name>static System.Int32 CareBoo.Serially.ProvideSourceInfoAttribute::get_LengthOfPathToProject()</Name>
              <FileRef uid="2" />
              <SequencePoints>
                <SequencePoint vc="2" uspid="422" ordinal="0" offset="0" sl="30" sc="13" el="30" ec="13" bec="0" bev="0" fileid="2" />
              </SequencePoints>
              <BranchPoints />
            </Method>
            <Method visited="true" cyclomaticComplexity="1" nPathComplexity="0" sequenceCoverage="100.0" branchCoverage="0" crapScore="1" isConstructor="true" isStatic="false" isGetter="false" isSetter="false">
              <Summary numSequencePoints="6" visitedSequencePoints="6" numBranchPoints="0" visitedBranchPoints="0" sequenceCoverage="100.0" branchCoverage="0" maxCyclomaticComplexity="1" minCyclomaticComplexity="1" maxCrapScore="1" minCrapScore="1" visitedClasses="0" numClasses="0" visitedMethods="1" numMethods="1" />
              <MetadataToken>100663307</MetadataToken>
              <Name>CareBoo.Serially.ProvideSourceInfoAttribute::ProvideSourceInfoAttribute(System.String, System.String, System.Int32)</Name>
              <FileRef uid="2" />
              <SequencePoints>
                <SequencePoint vc="5" uspid="423" ordinal="0" offset="0" sl="32" sc="9" el="32" ec="9" bec="0" bev="0" fileid="2" />
                <SequencePoint vc="5" uspid="424" ordinal="0" offset="7" sl="36" sc="9" el="36" ec="9" bec="0" bev="0" fileid="2" />
                <SequencePoint vc="5" uspid="425" ordinal="0" offset="8" sl="37" sc="13" el="37" ec="13" bec="0" bev="0" fileid="2" />
                <SequencePoint vc="5" uspid="426" ordinal="0" offset="15" sl="38" sc="13" el="38" ec="13" bec="0" bev="0" fileid="2" />
                <SequencePoint vc="5" uspid="427" ordinal="0" offset="22" sl="39" sc="13" el="39" ec="13" bec="0" bev="0" fileid="2" />
                <SequencePoint vc="5" uspid="428" ordinal="0" offset="29" sl="40" sc="9" el="40" ec="9" bec="0" bev="0" fileid="2" />
              </SequencePoints>
              <BranchPoints />
            </Method>
          </Methods>
        </Class>
        <Class>
          <Summary numSequencePoints="53" visitedSequencePoints="15" numBranchPoints="0" visitedBranchPoints="0" sequenceCoverage="28.3" branchCoverage="0.0" maxCyclomaticComplexity="4" minCyclomaticComplexity="1" maxCrapScore="20" minCrapScore="1" visitedClasses="1" numClasses="1" visitedMethods="5" numMethods="14" />
          <FullName>CareBoo.Serially.SerializableType</FullName>
          <Methods>
            <Method visited="true" cyclomaticComplexity="1" nPathComplexity="0" sequenceCoverage="100.0" branchCoverage="0" crapScore="1" isConstructor="false" isStatic="false" isGetter="true" isSetter="false">
              <Summary numSequencePoints="1" visitedSequencePoints="1" numBranchPoints="0" visitedBranchPoints="0" sequenceCoverage="100.0" branchCoverage="0" maxCyclomaticComplexity="1" minCyclomaticComplexity="1" maxCrapScore="1" minCrapScore="1" visitedClasses="0" numClasses="0" visitedMethods="1" numMethods="1" />
              <MetadataToken>100663308</MetadataToken>
              <Name>System.Type CareBoo.Serially.SerializableType::get_Type()</Name>
              <FileRef uid="3" />
              <SequencePoints>
                <SequencePoint vc="2" uspid="429" ordinal="0" offset="0" sl="20" sc="28" el="20" ec="28" bec="0" bev="0" fileid="3" />
              </SequencePoints>
              <BranchPoints />
            </Method>
            <Method visited="true" cyclomaticComplexity="1" nPathComplexity="0" sequenceCoverage="100.0" branchCoverage="0" crapScore="1" isConstructor="false" isStatic="false" isGetter="false" isSetter="true">
              <Summary numSequencePoints="1" visitedSequencePoints="1" numBranchPoints="0" visitedBranchPoints="0" sequenceCoverage="100.0" branchCoverage="0" maxCyclomaticComplexity="1" minCyclomaticComplexity="1" maxCrapScore="1" minCrapScore="1" visitedClasses="0" numClasses="0" visitedMethods="1" numMethods="1" />
              <MetadataToken>100663309</MetadataToken>
              <Name>System.Void CareBoo.Serially.SerializableType::set_Type(System.Type)</Name>
              <FileRef uid="3" />
              <SequencePoints>
                <SequencePoint vc="2" uspid="430" ordinal="0" offset="0" sl="20" sc="33" el="20" ec="33" bec="0" bev="0" fileid="3" />
              </SequencePoints>
              <BranchPoints />
            </Method>
            <Method visited="false" cyclomaticComplexity="1" nPathComplexity="0" sequenceCoverage="0.0" branchCoverage="0" crapScore="2" isConstructor="false" isStatic="false" isGetter="true" isSetter="false">
              <Summary numSequencePoints="1" visitedSequencePoints="0" numBranchPoints="0" visitedBranchPoints="0" sequenceCoverage="0.0" branchCoverage="0" maxCyclomaticComplexity="1" minCyclomaticComplexity="1" maxCrapScore="2" minCrapScore="2" visitedClasses="0" numClasses="0" visitedMethods="0" numMethods="1" />
              <MetadataToken>100663310</MetadataToken>
              <Name>System.Boolean CareBoo.Serially.SerializableType::get_IsDirtyGuid()</Name>
              <FileRef uid="3" />
              <SequencePoints>
                <SequencePoint vc="0" uspid="431" ordinal="0" offset="0" sl="23" sc="0" el="23" ec="0" bec="0" bev="0" fileid="3" />
              </SequencePoints>
              <BranchPoints />
            </Method>
            <Method visited="false" cyclomaticComplexity="1" nPathComplexity="0" sequenceCoverage="0.0" branchCoverage="0" crapScore="2" isConstructor="false" isStatic="false" isGetter="false" isSetter="true">
              <Summary numSequencePoints="1" visitedSequencePoints="0" numBranchPoints="0" visitedBranchPoints="0" sequenceCoverage="0.0" branchCoverage="0" maxCyclomaticComplexity="1" minCyclomaticComplexity="1" maxCrapScore="2" minCrapScore="2" visitedClasses="0" numClasses="0" visitedMethods="0" numMethods="1" />
              <MetadataToken>100663311</MetadataToken>
              <Name>System.Void CareBoo.Serially.SerializableType::set_IsDirtyGuid(System.Boolean)</Name>
              <FileRef uid="3" />
              <SequencePoints>
                <SequencePoint vc="0" uspid="432" ordinal="0" offset="0" sl="23" sc="0" el="23" ec="0" bec="0" bev="0" fileid="3" />
              </SequencePoints>
              <BranchPoints />
            </Method>
            <Method visited="true" cyclomaticComplexity="2" nPathComplexity="0" sequenceCoverage="71.4" branchCoverage="0" crapScore="2.09" isConstructor="false" isStatic="true" isGetter="false" isSetter="false">
              <Summary numSequencePoints="7" visitedSequencePoints="5" numBranchPoints="0" visitedBranchPoints="0" sequenceCoverage="71.4" branchCoverage="0" maxCyclomaticComplexity="2" minCyclomaticComplexity="2" maxCrapScore="2.09" minCrapScore="2.09" visitedClasses="0" numClasses="0" visitedMethods="1" numMethods="1" />
              <MetadataToken>100663314</MetadataToken>
              <Name>static System.Type CareBoo.Serially.SerializableType::ToType(System.String)</Name>
              <FileRef uid="3" />
              <SequencePoints>
                <SequencePoint vc="2" uspid="433" ordinal="0" offset="6" sl="35" sc="9" el="35" ec="9" bec="0" bev="0" fileid="3" />
                <SequencePoint vc="2" uspid="434" ordinal="0" offset="7" sl="37" sc="13" el="37" ec="13" bec="0" bev="0" fileid="3" />
                <SequencePoint vc="2" uspid="435" ordinal="0" offset="23" sl="38" sc="13" el="38" ec="13" bec="0" bev="0" fileid="3" />
                <SequencePoint vc="2" uspid="436" ordinal="0" offset="24" sl="39" sc="17" el="39" ec="17" bec="0" bev="0" fileid="3" />
                <SequencePoint vc="0" uspid="437" ordinal="0" offset="64" sl="43" sc="13" el="43" ec="13" bec="0" bev="0" fileid="3" />
                <SequencePoint vc="0" uspid="438" ordinal="0" offset="65" sl="44" sc="17" el="44" ec="17" bec="0" bev="0" fileid="3" />
                <SequencePoint vc="2" uspid="439" ordinal="0" offset="74" sl="49" sc="9" el="49" ec="9" bec="0" bev="0" fileid="3" />
              </SequencePoints>
              <BranchPoints />
            </Method>
            <Method visited="false" cyclomaticComplexity="4" nPathComplexity="0" sequenceCoverage="0.0" branchCoverage="0" crapScore="20" isConstructor="false" isStatic="true" isGetter="false" isSetter="false">
              <Summary numSequencePoints="10" visitedSequencePoints="0" numBranchPoints="0" visitedBranchPoints="0" sequenceCoverage="0.0" branchCoverage="0" maxCyclomaticComplexity="4" minCyclomaticComplexity="4" maxCrapScore="20" minCrapScore="20" visitedClasses="0" numClasses="0" visitedMethods="0" numMethods="1" />
              <MetadataToken>100663315</MetadataToken>
              <Name>static System.String CareBoo.Serially.SerializableType::ToSerializedType(System.Type)</Name>
              <FileRef uid="3" />
              <SequencePoints>
                <SequencePoint vc="0" uspid="440" ordinal="0" offset="0" sl="52" sc="0" el="52" ec="0" bec="0" bev="0" fileid="3" />
                <SequencePoint vc="0" uspid="441" ordinal="0" offset="1" sl="53" sc="0" el="53" ec="0" bec="0" bev="0" fileid="3" />
                <SequencePoint vc="0" uspid="442" ordinal="0" offset="12" sl="54" sc="0" el="54" ec="0" bec="0" bev="0" fileid="3" />
                <SequencePoint vc="0" uspid="443" ordinal="0" offset="13" sl="55" sc="0" el="55" ec="0" bec="0" bev="0" fileid="3" />
                <SequencePoint vc="0" uspid="444" ordinal="0" offset="21" sl="58" sc="0" el="58" ec="0" bec="0" bev="0" fileid="3" />
                <SequencePoint vc="0" uspid="445" ordinal="0" offset="54" sl="59" sc="0" el="59" ec="0" bec="0" bev="0" fileid="3" />
                <SequencePoint vc="0" uspid="446" ordinal="0" offset="55" sl="60" sc="0" el="60" ec="0" bec="0" bev="0" fileid="3" />
                <SequencePoint vc="0" uspid="447" ordinal="0" offset="78" sl="63" sc="0" el="63" ec="0" bec="0" bev="0" fileid="3" />
                <SequencePoint vc="0" uspid="448" ordinal="0" offset="79" sl="64" sc="0" el="64" ec="0" bec="0" bev="0" fileid="3" />
                <SequencePoint vc="0" uspid="449" ordinal="0" offset="88" sl="69" sc="0" el="69" ec="0" bec="0" bev="0" fileid="3" />
              </SequencePoints>
              <BranchPoints />
            </Method>
            <Method visited="true" cyclomaticComplexity="3" nPathComplexity="0" sequenceCoverage="57.1" branchCoverage="0" crapScore="3.71" isConstructor="false" isStatic="false" isGetter="false" isSetter="false">
              <Summary numSequencePoints="7" visitedSequencePoints="4" numBranchPoints="0" visitedBranchPoints="0" sequenceCoverage="57.1" branchCoverage="0" maxCyclomaticComplexity="3" minCyclomaticComplexity="3" maxCrapScore="3.71" minCrapScore="3.71" visitedClasses="0" numClasses="0" visitedMethods="1" numMethods="1" />
              <MetadataToken>100663316</MetadataToken>
              <Name>System.Void CareBoo.Serially.SerializableType.UnityEngine.ISerializationCallbackReceiver::OnAfterDeserialize()</Name>
              <FileRef uid="3" />
              <SequencePoints>
                <SequencePoint vc="2" uspid="450" ordinal="0" offset="0" sl="72" sc="9" el="72" ec="9" bec="0" bev="0" fileid="3" />
                <SequencePoint vc="2" uspid="451" ordinal="0" offset="1" sl="73" sc="13" el="73" ec="13" bec="0" bev="0" fileid="3" />
                <SequencePoint vc="2" uspid="452" ordinal="0" offset="19" sl="74" sc="13" el="74" ec="13" bec="0" bev="0" fileid="3" />
                <SequencePoint vc="0" uspid="453" ordinal="0" offset="54" sl="75" sc="13" el="75" ec="13" bec="0" bev="0" fileid="3" />
                <SequencePoint vc="0" uspid="454" ordinal="0" offset="55" sl="76" sc="17" el="76" ec="17" bec="0" bev="0" fileid="3" />
                <SequencePoint vc="0" uspid="455" ordinal="0" offset="82" sl="77" sc="13" el="77" ec="13" bec="0" bev="0" fileid="3" />
                <SequencePoint vc="2" uspid="456" ordinal="0" offset="83" sl="78" sc="9" el="78" ec="9" bec="0" bev="0" fileid="3" />
              </SequencePoints>
              <BranchPoints />
            </Method>
            <Method visited="false" cyclomaticComplexity="3" nPathComplexity="0" sequenceCoverage="0.0" branchCoverage="0" crapScore="12" isConstructor="false" isStatic="false" isGetter="false" isSetter="false">
              <Summary numSequencePoints="8" visitedSequencePoints="0" numBranchPoints="0" visitedBranchPoints="0" sequenceCoverage="0.0" branchCoverage="0" maxCyclomaticComplexity="3" minCyclomaticComplexity="3" maxCrapScore="12" minCrapScore="12" visitedClasses="0" numClasses="0" visitedMethods="0" numMethods="1" />
              <MetadataToken>100663317</MetadataToken>
              <Name>System.Void CareBoo.Serially.SerializableType.UnityEngine.ISerializationCallbackReceiver::OnBeforeSerialize()</Name>
              <FileRef uid="3" />
              <SequencePoints>
                <SequencePoint vc="0" uspid="457" ordinal="0" offset="0" sl="81" sc="0" el="81" ec="0" bec="0" bev="0" fileid="3" />
                <SequencePoint vc="0" uspid="458" ordinal="0" offset="1" sl="82" sc="0" el="82" ec="0" bec="0" bev="0" fileid="3" />
                <SequencePoint vc="0" uspid="459" ordinal="0" offset="13" sl="83" sc="0" el="83" ec="0" bec="0" bev="0" fileid="3" />
                <SequencePoint vc="0" uspid="460" ordinal="0" offset="43" sl="84" sc="0" el="84" ec="0" bec="0" bev="0" fileid="3" />
                <SequencePoint vc="0" uspid="461" ordinal="0" offset="44" sl="86" sc="0" el="86" ec="0" bec="0" bev="0" fileid="3" />
                <SequencePoint vc="0" uspid="462" ordinal="0" offset="67" sl="88" sc="0" el="88" ec="0" bec="0" bev="0" fileid="3" />
                <SequencePoint vc="0" uspid="463" ordinal="0" offset="74" sl="89" sc="0" el="89" ec="0" bec="0" bev="0" fileid="3" />
                <SequencePoint vc="0" uspid="464" ordinal="0" offset="75" sl="90" sc="0" el="90" ec="0" bec="0" bev="0" fileid="3" />
              </SequencePoints>
              <BranchPoints />
            </Method>
            <Method visited="false" cyclomaticComplexity="1" nPathComplexity="0" sequenceCoverage="0.0" branchCoverage="0" crapScore="2" isConstructor="false" isStatic="false" isGetter="true" isSetter="false">
              <Summary numSequencePoints="1" visitedSequencePoints="0" numBranchPoints="0" visitedBranchPoints="0" sequenceCoverage="0.0" branchCoverage="0" maxCyclomaticComplexity="1" minCyclomaticComplexity="1" maxCrapScore="2" minCrapScore="2" visitedClasses="0" numClasses="0" visitedMethods="0" numMethods="1" />
              <MetadataToken>100663318</MetadataToken>
              <Name>System.Int32 CareBoo.Serially.SerializableType::get_callbackOrder()</Name>
              <FileRef uid="3" />
              <SequencePoints>
                <SequencePoint vc="0" uspid="465" ordinal="0" offset="0" sl="96" sc="0" el="96" ec="0" bec="0" bev="0" fileid="3" />
              </SequencePoints>
              <BranchPoints />
            </Method>
            <Method visited="false" cyclomaticComplexity="1" nPathComplexity="0" sequenceCoverage="0.0" branchCoverage="0" crapScore="2" isConstructor="false" isStatic="false" isGetter="false" isSetter="false">
              <Summary numSequencePoints="3" visitedSequencePoints="0" numBranchPoints="0" visitedBranchPoints="0" sequenceCoverage="0.0" branchCoverage="0" maxCyclomaticComplexity="1" minCyclomaticComplexity="1" maxCrapScore="2" minCrapScore="2" visitedClasses="0" numClasses="0" visitedMethods="0" numMethods="1" />
              <MetadataToken>100663319</MetadataToken>
              <Name>System.Void CareBoo.Serially.SerializableType.UnityEditor.Build.IPostprocessBuildWithReport::OnPostprocessBuild(UnityEditor.Build.Reporting.BuildReport)</Name>
              <FileRef uid="3" />
              <SequencePoints>
                <SequencePoint vc="0" uspid="466" ordinal="0" offset="0" sl="99" sc="0" el="99" ec="0" bec="0" bev="0" fileid="3" />
                <SequencePoint vc="0" uspid="467" ordinal="0" offset="1" sl="100" sc="0" el="100" ec="0" bec="0" bev="0" fileid="3" />
                <SequencePoint vc="0" uspid="468" ordinal="0" offset="7" sl="101" sc="0" el="101" ec="0" bec="0" bev="0" fileid="3" />
              </SequencePoints>
              <BranchPoints />
            </Method>
            <Method visited="false" cyclomaticComplexity="1" nPathComplexity="0" sequenceCoverage="0.0" branchCoverage="0" crapScore="2" isConstructor="false" isStatic="false" isGetter="false" isSetter="false">
              <Summary numSequencePoints="3" visitedSequencePoints="0" numBranchPoints="0" visitedBranchPoints="0" sequenceCoverage="0.0" branchCoverage="0" maxCyclomaticComplexity="1" minCyclomaticComplexity="1" maxCrapScore="2" minCrapScore="2" visitedClasses="0" numClasses="0" visitedMethods="0" numMethods="1" />
              <MetadataToken>100663320</MetadataToken>
              <Name>System.Void CareBoo.Serially.SerializableType.UnityEditor.Build.IPreprocessBuildWithReport::OnPreprocessBuild(UnityEditor.Build.Reporting.BuildReport)</Name>
              <FileRef uid="3" />
              <SequencePoints>
                <SequencePoint vc="0" uspid="469" ordinal="0" offset="0" sl="104" sc="0" el="104" ec="0" bec="0" bev="0" fileid="3" />
                <SequencePoint vc="0" uspid="470" ordinal="0" offset="1" sl="105" sc="0" el="105" ec="0" bec="0" bev="0" fileid="3" />
                <SequencePoint vc="0" uspid="471" ordinal="0" offset="7" sl="106" sc="0" el="106" ec="0" bec="0" bev="0" fileid="3" />
              </SequencePoints>
              <BranchPoints />
            </Method>
            <Method visited="true" cyclomaticComplexity="1" nPathComplexity="0" sequenceCoverage="100.0" branchCoverage="0" crapScore="1" isConstructor="true" isStatic="false" isGetter="false" isSetter="false">
              <Summary numSequencePoints="4" visitedSequencePoints="4" numBranchPoints="0" visitedBranchPoints="0" sequenceCoverage="100.0" branchCoverage="0" maxCyclomaticComplexity="1" minCyclomaticComplexity="1" maxCrapScore="1" minCrapScore="1" visitedClasses="0" numClasses="0" visitedMethods="1" numMethods="1" />
              <MetadataToken>100663312</MetadataToken>
              <Name>CareBoo.Serially.SerializableType::SerializableType()</Name>
              <FileRef uid="3" />
              <SequencePoints>
                <SequencePoint vc="2" uspid="472" ordinal="0" offset="0" sl="18" sc="9" el="18" ec="9" bec="0" bev="0" fileid="3" />
                <SequencePoint vc="2" uspid="473" ordinal="0" offset="11" sl="28" sc="9" el="28" ec="9" bec="0" bev="0" fileid="3" />
                <SequencePoint vc="2" uspid="474" ordinal="0" offset="18" sl="28" sc="35" el="28" ec="35" bec="0" bev="0" fileid="3" />
                <SequencePoint vc="2" uspid="475" ordinal="0" offset="19" sl="28" sc="37" el="28" ec="37" bec="0" bev="0" fileid="3" />
              </SequencePoints>
              <BranchPoints />
            </Method>
            <Method visited="false" cyclomaticComplexity="1" nPathComplexity="0" sequenceCoverage="0.0" branchCoverage="0" crapScore="2" isConstructor="true" isStatic="false" isGetter="false" isSetter="false">
              <Summary numSequencePoints="5" visitedSequencePoints="0" numBranchPoints="0" visitedBranchPoints="0" sequenceCoverage="0.0" branchCoverage="0" maxCyclomaticComplexity="1" minCyclomaticComplexity="1" maxCrapScore="2" minCrapScore="2" visitedClasses="0" numClasses="0" visitedMethods="0" numMethods="1" />
              <MetadataToken>100663313</MetadataToken>
              <Name>CareBoo.Serially.SerializableType::SerializableType(System.Type)</Name>
              <FileRef uid="3" />
              <SequencePoints>
                <SequencePoint vc="0" uspid="476" ordinal="0" offset="0" sl="18" sc="0" el="18" ec="0" bec="0" bev="0" fileid="3" />
                <SequencePoint vc="0" uspid="477" ordinal="0" offset="11" sl="29" sc="0" el="29" ec="0" bec="0" bev="0" fileid="3" />
                <SequencePoint vc="0" uspid="478" ordinal="0" offset="18" sl="30" sc="0" el="30" ec="0" bec="0" bev="0" fileid="3" />
                <SequencePoint vc="0" uspid="479" ordinal="0" offset="19" sl="31" sc="0" el="31" ec="0" bec="0" bev="0" fileid="3" />
                <SequencePoint vc="0" uspid="480" ordinal="0" offset="27" sl="32" sc="0" el="32" ec="0" bec="0" bev="0" fileid="3" />
              </SequencePoints>
              <BranchPoints />
            </Method>
            <Method visited="false" cyclomaticComplexity="1" nPathComplexity="0" sequenceCoverage="0.0" branchCoverage="0" crapScore="2" isConstructor="true" isStatic="true" isGetter="false" isSetter="false">
              <Summary numSequencePoints="1" visitedSequencePoints="0" numBranchPoints="0" visitedBranchPoints="0" sequenceCoverage="0.0" branchCoverage="0" maxCyclomaticComplexity="1" minCyclomaticComplexity="1" maxCrapScore="2" minCrapScore="2" visitedClasses="0" numClasses="0" visitedMethods="0" numMethods="1" />
              <MetadataToken>100663321</MetadataToken>
              <Name>static CareBoo.Serially.SerializableType::SerializableType()</Name>
              <FileRef uid="3" />
              <SequencePoints>
                <SequencePoint vc="0" uspid="481" ordinal="0" offset="0" sl="25" sc="9" el="25" ec="9" bec="0" bev="0" fileid="3" />
              </SequencePoints>
              <BranchPoints />
            </Method>
          </Methods>
        </Class>
        <Class>
          <Summary numSequencePoints="1" visitedSequencePoints="1" numBranchPoints="0" visitedBranchPoints="0" sequenceCoverage="100.0" branchCoverage="0.0" maxCyclomaticComplexity="1" minCyclomaticComplexity="1" maxCrapScore="1" minCrapScore="1" visitedClasses="1" numClasses="1" visitedMethods="1" numMethods="1" />
          <FullName>CareBoo.Serially.SerializableType/&lt;&gt;c__DisplayClass12_0</FullName>
          <Methods>
            <Method visited="true" cyclomaticComplexity="1" nPathComplexity="0" sequenceCoverage="100.0" branchCoverage="0" crapScore="1" isConstructor="false" isStatic="false" isGetter="false" isSetter="false">
              <Summary numSequencePoints="1" visitedSequencePoints="1" numBranchPoints="0" visitedBranchPoints="0" sequenceCoverage="100.0" branchCoverage="0" maxCyclomaticComplexity="1" minCyclomaticComplexity="1" maxCrapScore="1" minCrapScore="1" visitedClasses="0" numClasses="0" visitedMethods="1" numMethods="1" />
              <MetadataToken>100663324</MetadataToken>
              <Name>System.Boolean CareBoo.Serially.SerializableType/&lt;&gt;c__DisplayClass12_0::&lt;ToType&gt;b__0(System.Type)</Name>
              <FileRef uid="3" />
              <SequencePoints>
                <SequencePoint vc="18" uspid="482" ordinal="0" offset="0" sl="40" sc="42" el="40" ec="42" bec="0" bev="0" fileid="3" />
              </SequencePoints>
              <BranchPoints />
            </Method>
          </Methods>
        </Class>
      </Classes>
    </Module>
    <Module>
      <Summary numSequencePoints="318" visitedSequencePoints="14" numBranchPoints="0" visitedBranchPoints="0" sequenceCoverage="4.4" branchCoverage="0.0" maxCyclomaticComplexity="9" minCyclomaticComplexity="1" maxCrapScore="42" minCrapScore="2" visitedClasses="1" numClasses="15" visitedMethods="2" numMethods="55" />
      <ModuleTime>0001-01-01T00:00:00</ModuleTime>
      <ModuleName>CareBoo.Serially.Editor</ModuleName>
      <Files>
        <File uid="4" fullPath="/home/jason/Projects/Serially/Packages/com.careboo.serially/Editor/EditorLayout/TypeField.cs" />
        <File uid="5" fullPath="/home/jason/Projects/Serially/Packages/com.careboo.serially/Editor/Enumerable/ElementAt.cs" />
        <File uid="6" fullPath="/home/jason/Projects/Serially/Packages/com.careboo.serially/Editor/Enumerable/SkipLast.cs" />
        <File uid="7" fullPath="/home/jason/Projects/Serially/Packages/com.careboo.serially/Editor/SerializableTypeDrawer.cs" />
        <File uid="8" fullPath="/home/jason/Projects/Serially/Packages/com.careboo.serially/Editor/SerializedProperty/GetManagedReferenceFieldType.cs" />
        <File uid="9" fullPath="/home/jason/Projects/Serially/Packages/com.careboo.serially/Editor/SerializedProperty/GetManagedReferenceValueType.cs" />
        <File uid="10" fullPath="/home/jason/Projects/Serially/Packages/com.careboo.serially/Editor/SerializedProperty/GetSelectableManagedReferenceValueTypes.cs" />
        <File uid="11" fullPath="/home/jason/Projects/Serially/Packages/com.careboo.serially/Editor/SerializedProperty/GetValue.cs" />
        <File uid="12" fullPath="/home/jason/Projects/Serially/Packages/com.careboo.serially/Editor/SerializedProperty/SetManagedReferenceValueToNew.cs" />
        <File uid="13" fullPath="/home/jason/Projects/Serially/Packages/com.careboo.serially/Editor/ShowValueTypeDrawer.cs" />
        <File uid="14" fullPath="/home/jason/Projects/Serially/Packages/com.careboo.serially/Editor/String/TryGetArrayIndex.cs" />
        <File uid="15" fullPath="/home/jason/Projects/Serially/Packages/com.careboo.serially/Editor/System.Object/GetFieldInfo.cs" />
        <File uid="16" fullPath="/home/jason/Projects/Serially/Packages/com.careboo.serially/Editor/System.Object/GetFieldValue.cs" />
        <File uid="17" fullPath="/home/jason/Projects/Serially/Packages/com.careboo.serially/Editor/Type/GetCustomAttribute.cs" />
        <File uid="18" fullPath="/home/jason/Projects/Serially/Packages/com.careboo.serially/Editor/Type/GetTypeFromManagedReferenceFullTypename.cs" />
        <File uid="19" fullPath="/home/jason/Projects/Serially/Packages/com.careboo.serially/Editor/Type/IsSerializeReferenceable.cs" />
        <File uid="20" fullPath="/home/jason/Projects/Serially/Packages/com.careboo.serially/Editor/TypePickerWindow.cs" />
      </Files>
      <Classes>
        <Class>
          <Summary numSequencePoints="73" visitedSequencePoints="14" numBranchPoints="0" visitedBranchPoints="0" sequenceCoverage="19.2" branchCoverage="0.0" maxCyclomaticComplexity="9" minCyclomaticComplexity="1" maxCrapScore="20" minCrapScore="2" visitedClasses="1" numClasses="1" visitedMethods="2" numMethods="10" />
          <FullName>CareBoo.Serially.Editor.EditorGUIExtensions</FullName>
          <Methods>
            <Method visited="false" cyclomaticComplexity="4" nPathComplexity="0" sequenceCoverage="0.0" branchCoverage="0" crapScore="20" isConstructor="false" isStatic="true" isGetter="false" isSetter="false">
              <Summary numSequencePoints="15" visitedSequencePoints="0" numBranchPoints="0" visitedBranchPoints="0" sequenceCoverage="0.0" branchCoverage="0" maxCyclomaticComplexity="4" minCyclomaticComplexity="4" maxCrapScore="20" minCrapScore="20" visitedClasses="0" numClasses="0" visitedMethods="0" numMethods="1" />
              <MetadataToken>100663297</MetadataToken>
              <Name>static UnityEngine.Rect CareBoo.Serially.Editor.EditorGUIExtensions::TypeField(UnityEngine.Rect, System.Type, System.Type[], System.Action[Type])</Name>
              <FileRef uid="4" />
              <SequencePoints>
                <SequencePoint vc="0" uspid="483" ordinal="0" offset="0" sl="23" sc="0" el="23" ec="0" bec="0" bev="0" fileid="4" />
                <SequencePoint vc="0" uspid="484" ordinal="0" offset="1" sl="24" sc="0" el="24" ec="0" bec="0" bev="0" fileid="4" />
                <SequencePoint vc="0" uspid="485" ordinal="0" offset="8" sl="25" sc="0" el="25" ec="0" bec="0" bev="0" fileid="4" />
                <SequencePoint vc="0" uspid="486" ordinal="0" offset="14" sl="26" sc="0" el="26" ec="0" bec="0" bev="0" fileid="4" />
                <SequencePoint vc="0" uspid="487" ordinal="0" offset="27" sl="27" sc="0" el="27" ec="0" bec="0" bev="0" fileid="4" />
                <SequencePoint vc="0" uspid="488" ordinal="0" offset="28" sl="28" sc="0" el="28" ec="0" bec="0" bev="0" fileid="4" />
                <SequencePoint vc="0" uspid="489" ordinal="0" offset="45" sl="29" sc="0" el="29" ec="0" bec="0" bev="0" fileid="4" />
                <SequencePoint vc="0" uspid="490" ordinal="0" offset="57" sl="30" sc="0" el="30" ec="0" bec="0" bev="0" fileid="4" />
                <SequencePoint vc="0" uspid="491" ordinal="0" offset="76" sl="31" sc="0" el="31" ec="0" bec="0" bev="0" fileid="4" />
                <SequencePoint vc="0" uspid="492" ordinal="0" offset="84" sl="32" sc="0" el="32" ec="0" bec="0" bev="0" fileid="4" />
                <SequencePoint vc="0" uspid="493" ordinal="0" offset="85" sl="33" sc="0" el="33" ec="0" bec="0" bev="0" fileid="4" />
                <SequencePoint vc="0" uspid="494" ordinal="0" offset="93" sl="34" sc="0" el="34" ec="0" bec="0" bev="0" fileid="4" />
                <SequencePoint vc="0" uspid="495" ordinal="0" offset="100" sl="36" sc="0" el="36" ec="0" bec="0" bev="0" fileid="4" />
                <SequencePoint vc="0" uspid="496" ordinal="0" offset="126" sl="37" sc="0" el="37" ec="0" bec="0" bev="0" fileid="4" />
                <SequencePoint vc="0" uspid="497" ordinal="0" offset="131" sl="38" sc="0" el="38" ec="0" bec="0" bev="0" fileid="4" />
              </SequencePoints>
              <BranchPoints />
            </Method>
            <Method visited="true" cyclomaticComplexity="9" nPathComplexity="0" sequenceCoverage="55.0" branchCoverage="0" crapScore="16.38" isConstructor="false" isStatic="true" isGetter="false" isSetter="false">
              <Summary numSequencePoints="20" visitedSequencePoints="11" numBranchPoints="0" visitedBranchPoints="0" sequenceCoverage="55.0" branchCoverage="0" maxCyclomaticComplexity="9" minCyclomaticComplexity="9" maxCrapScore="16.38" minCrapScore="16.38" visitedClasses="0" numClasses="0" visitedMethods="1" numMethods="1" />
              <MetadataToken>100663298</MetadataToken>
              <Name>static UnityEditor.MonoScript CareBoo.Serially.Editor.EditorGUIExtensions::HandleTypeLabelClicked(UnityEngine.Event, System.Type)</Name>
              <FileRef uid="4" />
              <SequencePoints>
                <SequencePoint vc="1" uspid="498" ordinal="0" offset="0" sl="41" sc="9" el="41" ec="9" bec="0" bev="0" fileid="4" />
                <SequencePoint vc="1" uspid="499" ordinal="0" offset="1" sl="42" sc="13" el="42" ec="13" bec="0" bev="0" fileid="4" />
                <SequencePoint vc="0" uspid="500" ordinal="0" offset="12" sl="42" sc="31" el="42" ec="31" bec="0" bev="0" fileid="4" />
                <SequencePoint vc="1" uspid="501" ordinal="0" offset="19" sl="43" sc="13" el="43" ec="13" bec="0" bev="0" fileid="4" />
                <SequencePoint vc="1" uspid="502" ordinal="0" offset="26" sl="44" sc="13" el="44" ec="13" bec="0" bev="0" fileid="4" />
                <SequencePoint vc="0" uspid="503" ordinal="0" offset="36" sl="45" sc="13" el="45" ec="13" bec="0" bev="0" fileid="4" />
                <SequencePoint vc="0" uspid="504" ordinal="0" offset="37" sl="46" sc="17" el="46" ec="17" bec="0" bev="0" fileid="4" />
                <SequencePoint vc="0" uspid="505" ordinal="0" offset="79" sl="47" sc="17" el="47" ec="17" bec="0" bev="0" fileid="4" />
                <SequencePoint vc="1" uspid="506" ordinal="0" offset="83" sl="49" sc="13" el="49" ec="13" bec="0" bev="0" fileid="4" />
                <SequencePoint vc="1" uspid="507" ordinal="0" offset="95" sl="50" sc="13" el="50" ec="13" bec="0" bev="0" fileid="4" />
                <SequencePoint vc="1" uspid="508" ordinal="0" offset="117" sl="52" sc="25" el="52" ec="25" bec="0" bev="0" fileid="4" />
                <SequencePoint vc="1" uspid="509" ordinal="0" offset="124" sl="52" sc="49" el="52" ec="49" bec="0" bev="0" fileid="4" />
                <SequencePoint vc="0" uspid="510" ordinal="0" offset="126" sl="53" sc="25" el="53" ec="25" bec="0" bev="0" fileid="4" />
                <SequencePoint vc="0" uspid="511" ordinal="0" offset="139" sl="53" sc="71" el="53" ec="71" bec="0" bev="0" fileid="4" />
                <SequencePoint vc="1" uspid="512" ordinal="0" offset="141" sl="55" sc="13" el="55" ec="13" bec="0" bev="0" fileid="4" />
                <SequencePoint vc="0" uspid="513" ordinal="0" offset="154" sl="56" sc="13" el="56" ec="13" bec="0" bev="0" fileid="4" />
                <SequencePoint vc="0" uspid="514" ordinal="0" offset="155" sl="57" sc="17" el="57" ec="17" bec="0" bev="0" fileid="4" />
                <SequencePoint vc="0" uspid="515" ordinal="0" offset="182" sl="58" sc="13" el="58" ec="13" bec="0" bev="0" fileid="4" />
                <SequencePoint vc="1" uspid="516" ordinal="0" offset="183" sl="59" sc="13" el="59" ec="13" bec="0" bev="0" fileid="4" />
                <SequencePoint vc="1" uspid="517" ordinal="0" offset="187" sl="60" sc="9" el="60" ec="9" bec="0" bev="0" fileid="4" />
              </SequencePoints>
              <BranchPoints />
            </Method>
            <Method visited="false" cyclomaticComplexity="1" nPathComplexity="0" sequenceCoverage="0.0" branchCoverage="0" crapScore="2" isConstructor="false" isStatic="true" isGetter="false" isSetter="false">
              <Summary numSequencePoints="5" visitedSequencePoints="0" numBranchPoints="0" visitedBranchPoints="0" sequenceCoverage="0.0" branchCoverage="0" maxCyclomaticComplexity="1" minCyclomaticComplexity="1" maxCrapScore="2" minCrapScore="2" visitedClasses="0" numClasses="0" visitedMethods="0" numMethods="1" />
              <MetadataToken>100663299</MetadataToken>
              <Name>static UnityEngine.Rect CareBoo.Serially.Editor.EditorGUIExtensions::DrawTypeLabel(UnityEngine.Rect, System.Type)</Name>
              <FileRef uid="4" />
              <SequencePoints>
                <SequencePoint vc="0" uspid="518" ordinal="0" offset="0" sl="63" sc="0" el="63" ec="0" bec="0" bev="0" fileid="4" />
                <SequencePoint vc="0" uspid="519" ordinal="0" offset="1" sl="64" sc="0" el="64" ec="0" bec="0" bev="0" fileid="4" />
                <SequencePoint vc="0" uspid="520" ordinal="0" offset="13" sl="65" sc="0" el="65" ec="0" bec="0" bev="0" fileid="4" />
                <SequencePoint vc="0" uspid="521" ordinal="0" offset="31" sl="66" sc="0" el="66" ec="0" bec="0" bev="0" fileid="4" />
                <SequencePoint vc="0" uspid="522" ordinal="0" offset="35" sl="67" sc="0" el="67" ec="0" bec="0" bev="0" fileid="4" />
              </SequencePoints>
              <BranchPoints />
            </Method>
            <Method visited="false" cyclomaticComplexity="1" nPathComplexity="0" sequenceCoverage="0.0" branchCoverage="0" crapScore="2" isConstructor="false" isStatic="true" isGetter="false" isSetter="false">
              <Summary numSequencePoints="4" visitedSequencePoints="0" numBranchPoints="0" visitedBranchPoints="0" sequenceCoverage="0.0" branchCoverage="0" maxCyclomaticComplexity="1" minCyclomaticComplexity="1" maxCrapScore="2" minCrapScore="2" visitedClasses="0" numClasses="0" visitedMethods="0" numMethods="1" />
              <MetadataToken>100663300</MetadataToken>
              <Name>static UnityEngine.Rect CareBoo.Serially.Editor.EditorGUIExtensions::DrawTypePicker(UnityEngine.Rect)</Name>
              <FileRef uid="4" />
              <SequencePoints>
                <SequencePoint vc="0" uspid="523" ordinal="0" offset="0" sl="70" sc="0" el="70" ec="0" bec="0" bev="0" fileid="4" />
                <SequencePoint vc="0" uspid="524" ordinal="0" offset="1" sl="71" sc="0" el="71" ec="0" bec="0" bev="0" fileid="4" />
                <SequencePoint vc="0" uspid="525" ordinal="0" offset="18" sl="72" sc="0" el="72" ec="0" bec="0" bev="0" fileid="4" />
                <SequencePoint vc="0" uspid="526" ordinal="0" offset="22" sl="73" sc="0" el="73" ec="0" bec="0" bev="0" fileid="4" />
              </SequencePoints>
              <BranchPoints />
            </Method>
            <Method visited="false" cyclomaticComplexity="1" nPathComplexity="0" sequenceCoverage="0.0" branchCoverage="0" crapScore="2" isConstructor="false" isStatic="true" isGetter="false" isSetter="false">
              <Summary numSequencePoints="7" visitedSequencePoints="0" numBranchPoints="0" visitedBranchPoints="0" sequenceCoverage="0.0" branchCoverage="0" maxCyclomaticComplexity="1" minCyclomaticComplexity="1" maxCrapScore="2" minCrapScore="2" visitedClasses="0" numClasses="0" visitedMethods="0" numMethods="1" />
              <MetadataToken>100663301</MetadataToken>
              <Name>static UnityEngine.Rect CareBoo.Serially.Editor.EditorGUIExtensions::GetPickerArea(UnityEngine.Rect)</Name>
              <FileRef uid="4" />
              <SequencePoints>
                <SequencePoint vc="0" uspid="527" ordinal="0" offset="0" sl="76" sc="0" el="76" ec="0" bec="0" bev="0" fileid="4" />
                <SequencePoint vc="0" uspid="528" ordinal="0" offset="1" sl="77" sc="0" el="77" ec="0" bec="0" bev="0" fileid="4" />
                <SequencePoint vc="0" uspid="529" ordinal="0" offset="20" sl="78" sc="0" el="78" ec="0" bec="0" bev="0" fileid="4" />
                <SequencePoint vc="0" uspid="530" ordinal="0" offset="40" sl="79" sc="0" el="79" ec="0" bec="0" bev="0" fileid="4" />
                <SequencePoint vc="0" uspid="531" ordinal="0" offset="60" sl="80" sc="0" el="80" ec="0" bec="0" bev="0" fileid="4" />
                <SequencePoint vc="0" uspid="532" ordinal="0" offset="81" sl="81" sc="0" el="81" ec="0" bec="0" bev="0" fileid="4" />
                <SequencePoint vc="0" uspid="533" ordinal="0" offset="85" sl="82" sc="0" el="82" ec="0" bec="0" bev="0" fileid="4" />
              </SequencePoints>
              <BranchPoints />
            </Method>
            <Method visited="false" cyclomaticComplexity="2" nPathComplexity="0" sequenceCoverage="0.0" branchCoverage="0" crapScore="6" isConstructor="false" isStatic="true" isGetter="false" isSetter="false">
              <Summary numSequencePoints="7" visitedSequencePoints="0" numBranchPoints="0" visitedBranchPoints="0" sequenceCoverage="0.0" branchCoverage="0" maxCyclomaticComplexity="2" minCyclomaticComplexity="2" maxCrapScore="6" minCrapScore="6" visitedClasses="0" numClasses="0" visitedMethods="0" numMethods="1" />
              <MetadataToken>100663302</MetadataToken>
              <Name>static System.Void CareBoo.Serially.Editor.EditorGUIExtensions::OpenMonoScript(CareBoo.Serially.ProvideSourceInfoAttribute)</Name>
              <FileRef uid="4" />
              <SequencePoints>
                <SequencePoint vc="0" uspid="534" ordinal="0" offset="0" sl="85" sc="0" el="85" ec="0" bec="0" bev="0" fileid="4" />
                <SequencePoint vc="0" uspid="535" ordinal="0" offset="1" sl="86" sc="0" el="86" ec="0" bec="0" bev="0" fileid="4" />
                <SequencePoint vc="0" uspid="536" ordinal="0" offset="9" sl="87" sc="0" el="87" ec="0" bec="0" bev="0" fileid="4" />
                <SequencePoint vc="0" uspid="537" ordinal="0" offset="10" sl="88" sc="0" el="88" ec="0" bec="0" bev="0" fileid="4" />
                <SequencePoint vc="0" uspid="538" ordinal="0" offset="22" sl="89" sc="0" el="89" ec="0" bec="0" bev="0" fileid="4" />
                <SequencePoint vc="0" uspid="539" ordinal="0" offset="35" sl="90" sc="0" el="90" ec="0" bec="0" bev="0" fileid="4" />
                <SequencePoint vc="0" uspid="540" ordinal="0" offset="36" sl="91" sc="0" el="91" ec="0" bec="0" bev="0" fileid="4" />
              </SequencePoints>
              <BranchPoints />
            </Method>
            <Method visited="true" cyclomaticComplexity="3" nPathComplexity="0" sequenceCoverage="100.0" branchCoverage="0" crapScore="3" isConstructor="false" isStatic="true" isGetter="false" isSetter="false">
              <Summary numSequencePoints="3" visitedSequencePoints="3" numBranchPoints="0" visitedBranchPoints="0" sequenceCoverage="100.0" branchCoverage="0" maxCyclomaticComplexity="3" minCyclomaticComplexity="3" maxCrapScore="3" minCrapScore="3" visitedClasses="0" numClasses="0" visitedMethods="1" numMethods="1" />
              <MetadataToken>100663303</MetadataToken>
              <Name>static CareBoo.Serially.ProvideSourceInfoAttribute CareBoo.Serially.Editor.EditorGUIExtensions::GetSourceInfo(System.Type)</Name>
              <FileRef uid="4" />
              <SequencePoints>
                <SequencePoint vc="1" uspid="541" ordinal="0" offset="0" sl="94" sc="9" el="94" ec="9" bec="0" bev="0" fileid="4" />
                <SequencePoint vc="1" uspid="542" ordinal="0" offset="1" sl="95" sc="13" el="95" ec="13" bec="0" bev="0" fileid="4" />
                <SequencePoint vc="1" uspid="543" ordinal="0" offset="16" sl="96" sc="9" el="96" ec="9" bec="0" bev="0" fileid="4" />
              </SequencePoints>
              <BranchPoints />
            </Method>
            <Method visited="false" cyclomaticComplexity="4" nPathComplexity="0" sequenceCoverage="0.0" branchCoverage="0" crapScore="20" isConstructor="false" isStatic="true" isGetter="false" isSetter="false">
              <Summary numSequencePoints="4" visitedSequencePoints="0" numBranchPoints="0" visitedBranchPoints="0" sequenceCoverage="0.0" branchCoverage="0" maxCyclomaticComplexity="4" minCyclomaticComplexity="4" maxCrapScore="20" minCrapScore="20" visitedClasses="0" numClasses="0" visitedMethods="0" numMethods="1" />
              <MetadataToken>100663304</MetadataToken>
              <Name>static System.String CareBoo.Serially.Editor.EditorGUIExtensions::GetTypeLabelString(System.Type)</Name>
              <FileRef uid="4" />
              <SequencePoints>
                <SequencePoint vc="0" uspid="544" ordinal="0" offset="0" sl="99" sc="0" el="99" ec="0" bec="0" bev="0" fileid="4" />
                <SequencePoint vc="0" uspid="545" ordinal="0" offset="1" sl="100" sc="0" el="100" ec="0" bec="0" bev="0" fileid="4" />
                <SequencePoint vc="0" uspid="546" ordinal="0" offset="66" sl="105" sc="0" el="105" ec="0" bec="0" bev="0" fileid="4" />
                <SequencePoint vc="0" uspid="547" ordinal="0" offset="70" sl="106" sc="0" el="106" ec="0" bec="0" bev="0" fileid="4" />
              </SequencePoints>
              <BranchPoints />
            </Method>
            <Method visited="false" cyclomaticComplexity="1" nPathComplexity="0" sequenceCoverage="0.0" branchCoverage="0" crapScore="2" isConstructor="false" isStatic="true" isGetter="false" isSetter="false">
              <Summary numSequencePoints="3" visitedSequencePoints="0" numBranchPoints="0" visitedBranchPoints="0" sequenceCoverage="0.0" branchCoverage="0" maxCyclomaticComplexity="1" minCyclomaticComplexity="1" maxCrapScore="2" minCrapScore="2" visitedClasses="0" numClasses="0" visitedMethods="0" numMethods="1" />
              <MetadataToken>100663305</MetadataToken>
              <Name>static UnityEngine.Texture CareBoo.Serially.Editor.EditorGUIExtensions::GetTypeImage()</Name>
              <FileRef uid="4" />
              <SequencePoints>
                <SequencePoint vc="0" uspid="548" ordinal="0" offset="0" sl="109" sc="0" el="109" ec="0" bec="0" bev="0" fileid="4" />
                <SequencePoint vc="0" uspid="549" ordinal="0" offset="1" sl="110" sc="0" el="110" ec="0" bec="0" bev="0" fileid="4" />
                <SequencePoint vc="0" uspid="550" ordinal="0" offset="19" sl="111" sc="0" el="111" ec="0" bec="0" bev="0" fileid="4" />
              </SequencePoints>
              <BranchPoints />
            </Method>
            <Method visited="false" cyclomaticComplexity="1" nPathComplexity="0" sequenceCoverage="0.0" branchCoverage="0" crapScore="2" isConstructor="false" isStatic="true" isGetter="false" isSetter="false">
              <Summary numSequencePoints="5" visitedSequencePoints="0" numBranchPoints="0" visitedBranchPoints="0" sequenceCoverage="0.0" branchCoverage="0" maxCyclomaticComplexity="1" minCyclomaticComplexity="1" maxCrapScore="2" minCrapScore="2" visitedClasses="0" numClasses="0" visitedMethods="0" numMethods="1" />
              <MetadataToken>100663306</MetadataToken>
              <Name>static UnityEngine.GUIContent CareBoo.Serially.Editor.EditorGUIExtensions::GetTypeGUIContent(System.Type)</Name>
              <FileRef uid="4" />
              <SequencePoints>
                <SequencePoint vc="0" uspid="551" ordinal="0" offset="0" sl="114" sc="0" el="114" ec="0" bec="0" bev="0" fileid="4" />
                <SequencePoint vc="0" uspid="552" ordinal="0" offset="1" sl="115" sc="0" el="115" ec="0" bec="0" bev="0" fileid="4" />
                <SequencePoint vc="0" uspid="553" ordinal="0" offset="8" sl="116" sc="0" el="116" ec="0" bec="0" bev="0" fileid="4" />
                <SequencePoint vc="0" uspid="554" ordinal="0" offset="14" sl="117" sc="0" el="117" ec="0" bec="0" bev="0" fileid="4" />
                <SequencePoint vc="0" uspid="555" ordinal="0" offset="24" sl="118" sc="0" el="118" ec="0" bec="0" bev="0" fileid="4" />
              </SequencePoints>
              <BranchPoints />
            </Method>
          </Methods>
        </Class>
        <Class>
          <Summary numSequencePoints="19" visitedSequencePoints="0" numBranchPoints="0" visitedBranchPoints="0" sequenceCoverage="0.0" branchCoverage="0.0" maxCyclomaticComplexity="5" minCyclomaticComplexity="3" maxCrapScore="30" minCrapScore="12" visitedClasses="0" numClasses="1" visitedMethods="0" numMethods="2" />
          <FullName>CareBoo.Serially.Editor.EnumerableExtensions</FullName>
          <Methods>
            <Method visited="false" cyclomaticComplexity="5" nPathComplexity="0" sequenceCoverage="0.0" branchCoverage="0" crapScore="30" isConstructor="false" isStatic="true" isGetter="false" isSetter="false">
              <Summary numSequencePoints="14" visitedSequencePoints="0" numBranchPoints="0" visitedBranchPoints="0" sequenceCoverage="0.0" branchCoverage="0" maxCyclomaticComplexity="5" minCyclomaticComplexity="5" maxCrapScore="30" minCrapScore="30" visitedClasses="0" numClasses="0" visitedMethods="0" numMethods="1" />
              <MetadataToken>100663307</MetadataToken>
              <Name>static System.Object CareBoo.Serially.Editor.EnumerableExtensions::ElementAtOrDefault(System.Collections.IEnumerable, System.Int32)</Name>
              <FileRef uid="5" />
              <SequencePoints>
                <SequencePoint vc="0" uspid="556" ordinal="0" offset="0" sl="9" sc="0" el="9" ec="0" bec="0" bev="0" fileid="5" />
                <SequencePoint vc="0" uspid="557" ordinal="0" offset="1" sl="10" sc="0" el="10" ec="0" bec="0" bev="0" fileid="5" />
                <SequencePoint vc="0" uspid="558" ordinal="0" offset="9" sl="10" sc="0" el="10" ec="0" bec="0" bev="0" fileid="5" />
                <SequencePoint vc="0" uspid="559" ordinal="0" offset="20" sl="11" sc="0" el="11" ec="0" bec="0" bev="0" fileid="5" />
                <SequencePoint vc="0" uspid="560" ordinal="0" offset="21" sl="11" sc="0" el="11" ec="0" bec="0" bev="0" fileid="5" />
                <SequencePoint vc="0" uspid="561" ordinal="0" offset="30" sl="11" sc="0" el="11" ec="0" bec="0" bev="0" fileid="5" />
                <SequencePoint vc="0" uspid="562" ordinal="0" offset="37" sl="12" sc="0" el="12" ec="0" bec="0" bev="0" fileid="5" />
                <SequencePoint vc="0" uspid="563" ordinal="0" offset="38" sl="13" sc="0" el="13" ec="0" bec="0" bev="0" fileid="5" />
                <SequencePoint vc="0" uspid="564" ordinal="0" offset="46" sl="13" sc="0" el="13" ec="0" bec="0" bev="0" fileid="5" />
                <SequencePoint vc="0" uspid="565" ordinal="0" offset="51" sl="14" sc="0" el="14" ec="0" bec="0" bev="0" fileid="5" />
                <SequencePoint vc="0" uspid="566" ordinal="0" offset="56" sl="15" sc="0" el="15" ec="0" bec="0" bev="0" fileid="5" />
                <SequencePoint vc="0" uspid="567" ordinal="0" offset="57" sl="11" sc="0" el="11" ec="0" bec="0" bev="0" fileid="5" />
                <SequencePoint vc="0" uspid="568" ordinal="0" offset="88" sl="16" sc="0" el="16" ec="0" bec="0" bev="0" fileid="5" />
                <SequencePoint vc="0" uspid="569" ordinal="0" offset="93" sl="17" sc="0" el="17" ec="0" bec="0" bev="0" fileid="5" />
              </SequencePoints>
              <BranchPoints />
            </Method>
            <Method visited="false" cyclomaticComplexity="3" nPathComplexity="0" sequenceCoverage="0.0" branchCoverage="0" crapScore="12" isConstructor="false" isStatic="true" isGetter="false" isSetter="false">
              <Summary numSequencePoints="5" visitedSequencePoints="0" numBranchPoints="0" visitedBranchPoints="0" sequenceCoverage="0.0" branchCoverage="0" maxCyclomaticComplexity="3" minCyclomaticComplexity="3" maxCrapScore="12" minCrapScore="12" visitedClasses="0" numClasses="0" visitedMethods="0" numMethods="1" />
              <MetadataToken>100663308</MetadataToken>
              <Name>static System.Collections.Generic.IEnumerable[TSource] CareBoo.Serially.Editor.EnumerableExtensions::SkipLast[TSource](System.Collections.Generic.IEnumerable[TSource], System.Int32)</Name>
              <FileRef uid="6" />
              <SequencePoints>
                <SequencePoint vc="0" uspid="570" ordinal="0" offset="0" sl="11" sc="0" el="11" ec="0" bec="0" bev="0" fileid="6" />
                <SequencePoint vc="0" uspid="571" ordinal="0" offset="1" sl="12" sc="0" el="12" ec="0" bec="0" bev="0" fileid="6" />
                <SequencePoint vc="0" uspid="572" ordinal="0" offset="9" sl="12" sc="0" el="12" ec="0" bec="0" bev="0" fileid="6" />
                <SequencePoint vc="0" uspid="573" ordinal="0" offset="20" sl="14" sc="0" el="14" ec="0" bec="0" bev="0" fileid="6" />
                <SequencePoint vc="0" uspid="574" ordinal="0" offset="43" sl="17" sc="0" el="17" ec="0" bec="0" bev="0" fileid="6" />
              </SequencePoints>
              <BranchPoints />
            </Method>
          </Methods>
        </Class>
        <Class>
          <Summary numSequencePoints="41" visitedSequencePoints="0" numBranchPoints="0" visitedBranchPoints="0" sequenceCoverage="0.0" branchCoverage="0.0" maxCyclomaticComplexity="6" minCyclomaticComplexity="1" maxCrapScore="42" minCrapScore="2" visitedClasses="0" numClasses="1" visitedMethods="0" numMethods="6" />
          <FullName>CareBoo.Serially.Editor.SerializableTypeDrawer</FullName>
          <Methods>
            <Method visited="false" cyclomaticComplexity="5" nPathComplexity="0" sequenceCoverage="0.0" branchCoverage="0" crapScore="30" isConstructor="false" isStatic="false" isGetter="false" isSetter="false">
              <Summary numSequencePoints="17" visitedSequencePoints="0" numBranchPoints="0" visitedBranchPoints="0" sequenceCoverage="0.0" branchCoverage="0" maxCyclomaticComplexity="5" minCyclomaticComplexity="5" maxCrapScore="30" minCrapScore="30" visitedClasses="0" numClasses="0" visitedMethods="0" numMethods="1" />
              <MetadataToken>100663310</MetadataToken>
              <Name>System.Void CareBoo.Serially.Editor.SerializableTypeDrawer::OnGUI(UnityEngine.Rect, UnityEditor.SerializedProperty, UnityEngine.GUIContent)</Name>
              <FileRef uid="7" />
              <SequencePoints>
                <SequencePoint vc="0" uspid="575" ordinal="0" offset="0" sl="18" sc="0" el="18" ec="0" bec="0" bev="0" fileid="7" />
                <SequencePoint vc="0" uspid="576" ordinal="0" offset="1" sl="19" sc="0" el="19" ec="0" bec="0" bev="0" fileid="7" />
                <SequencePoint vc="0" uspid="577" ordinal="0" offset="13" sl="20" sc="0" el="20" ec="0" bec="0" bev="0" fileid="7" />
                <SequencePoint vc="0" uspid="578" ordinal="0" offset="25" sl="21" sc="0" el="21" ec="0" bec="0" bev="0" fileid="7" />
                <SequencePoint vc="0" uspid="579" ordinal="0" offset="60" sl="22" sc="0" el="22" ec="0" bec="0" bev="0" fileid="7" />
                <SequencePoint vc="0" uspid="580" ordinal="0" offset="61" sl="23" sc="0" el="23" ec="0" bec="0" bev="0" fileid="7" />
                <SequencePoint vc="0" uspid="581" ordinal="0" offset="83" sl="24" sc="0" el="24" ec="0" bec="0" bev="0" fileid="7" />
                <SequencePoint vc="0" uspid="582" ordinal="0" offset="95" sl="25" sc="0" el="25" ec="0" bec="0" bev="0" fileid="7" />
                <SequencePoint vc="0" uspid="583" ordinal="0" offset="98" sl="26" sc="0" el="26" ec="0" bec="0" bev="0" fileid="7" />
                <SequencePoint vc="0" uspid="584" ordinal="0" offset="130" sl="27" sc="0" el="27" ec="0" bec="0" bev="0" fileid="7" />
                <SequencePoint vc="0" uspid="585" ordinal="0" offset="131" sl="28" sc="0" el="28" ec="0" bec="0" bev="0" fileid="7" />
                <SequencePoint vc="0" uspid="586" ordinal="0" offset="153" sl="29" sc="0" el="29" ec="0" bec="0" bev="0" fileid="7" />
                <SequencePoint vc="0" uspid="587" ordinal="0" offset="181" sl="30" sc="0" el="30" ec="0" bec="0" bev="0" fileid="7" />
                <SequencePoint vc="0" uspid="588" ordinal="0" offset="182" sl="32" sc="0" el="32" ec="0" bec="0" bev="0" fileid="7" />
                <SequencePoint vc="0" uspid="589" ordinal="0" offset="191" sl="33" sc="0" el="33" ec="0" bec="0" bev="0" fileid="7" />
                <SequencePoint vc="0" uspid="590" ordinal="0" offset="199" sl="34" sc="0" el="34" ec="0" bec="0" bev="0" fileid="7" />
                <SequencePoint vc="0" uspid="591" ordinal="0" offset="227" sl="38" sc="0" el="38" ec="0" bec="0" bev="0" fileid="7" />
              </SequencePoints>
              <BranchPoints />
            </Method>
            <Method visited="false" cyclomaticComplexity="6" nPathComplexity="0" sequenceCoverage="0.0" branchCoverage="0" crapScore="42" isConstructor="false" isStatic="false" isGetter="false" isSetter="false">
              <Summary numSequencePoints="10" visitedSequencePoints="0" numBranchPoints="0" visitedBranchPoints="0" sequenceCoverage="0.0" branchCoverage="0" maxCyclomaticComplexity="6" minCyclomaticComplexity="6" maxCrapScore="42" minCrapScore="42" visitedClasses="0" numClasses="0" visitedMethods="0" numMethods="1" />
              <MetadataToken>100663311</MetadataToken>
              <Name>System.Type CareBoo.Serially.Editor.SerializableTypeDrawer::GetBaseType(UnityEditor.SerializedProperty)</Name>
              <FileRef uid="7" />
              <SequencePoints>
                <SequencePoint vc="0" uspid="592" ordinal="0" offset="0" sl="41" sc="0" el="41" ec="0" bec="0" bev="0" fileid="7" />
                <SequencePoint vc="0" uspid="593" ordinal="0" offset="1" sl="42" sc="0" el="42" ec="0" bec="0" bev="0" fileid="7" />
                <SequencePoint vc="0" uspid="594" ordinal="0" offset="53" sl="45" sc="0" el="45" ec="0" bec="0" bev="0" fileid="7" />
                <SequencePoint vc="0" uspid="595" ordinal="0" offset="65" sl="46" sc="0" el="46" ec="0" bec="0" bev="0" fileid="7" />
                <SequencePoint vc="0" uspid="596" ordinal="0" offset="75" sl="47" sc="0" el="47" ec="0" bec="0" bev="0" fileid="7" />
                <SequencePoint vc="0" uspid="597" ordinal="0" offset="93" sl="48" sc="0" el="48" ec="0" bec="0" bev="0" fileid="7" />
                <SequencePoint vc="0" uspid="598" ordinal="0" offset="104" sl="49" sc="0" el="49" ec="0" bec="0" bev="0" fileid="7" />
                <SequencePoint vc="0" uspid="599" ordinal="0" offset="126" sl="50" sc="0" el="50" ec="0" bec="0" bev="0" fileid="7" />
                <SequencePoint vc="0" uspid="600" ordinal="0" offset="142" sl="52" sc="0" el="52" ec="0" bec="0" bev="0" fileid="7" />
                <SequencePoint vc="0" uspid="601" ordinal="0" offset="147" sl="54" sc="0" el="54" ec="0" bec="0" bev="0" fileid="7" />
              </SequencePoints>
              <BranchPoints />
            </Method>
            <Method visited="false" cyclomaticComplexity="2" nPathComplexity="0" sequenceCoverage="0.0" branchCoverage="0" crapScore="6" isConstructor="false" isStatic="false" isGetter="false" isSetter="false">
              <Summary numSequencePoints="4" visitedSequencePoints="0" numBranchPoints="0" visitedBranchPoints="0" sequenceCoverage="0.0" branchCoverage="0" maxCyclomaticComplexity="2" minCyclomaticComplexity="2" maxCrapScore="6" minCrapScore="6" visitedClasses="0" numClasses="0" visitedMethods="0" numMethods="1" />
              <MetadataToken>100663312</MetadataToken>
              <Name>System.Func[Type] CareBoo.Serially.Editor.SerializableTypeDrawer::CreateTypeDelegate(System.String, UnityEditor.SerializedProperty)</Name>
              <FileRef uid="7" />
              <SequencePoints>
                <SequencePoint vc="0" uspid="602" ordinal="0" offset="0" sl="57" sc="0" el="57" ec="0" bec="0" bev="0" fileid="7" />
                <SequencePoint vc="0" uspid="603" ordinal="0" offset="1" sl="58" sc="0" el="58" ec="0" bec="0" bev="0" fileid="7" />
                <SequencePoint vc="0" uspid="604" ordinal="0" offset="39" sl="60" sc="0" el="60" ec="0" bec="0" bev="0" fileid="7" />
                <SequencePoint vc="0" uspid="605" ordinal="0" offset="64" sl="65" sc="0" el="65" ec="0" bec="0" bev="0" fileid="7" />
              </SequencePoints>
              <BranchPoints />
            </Method>
            <Method visited="false" cyclomaticComplexity="5" nPathComplexity="0" sequenceCoverage="0.0" branchCoverage="0" crapScore="30" isConstructor="false" isStatic="false" isGetter="false" isSetter="false">
              <Summary numSequencePoints="4" visitedSequencePoints="0" numBranchPoints="0" visitedBranchPoints="0" sequenceCoverage="0.0" branchCoverage="0" maxCyclomaticComplexity="5" minCyclomaticComplexity="5" maxCrapScore="30" minCrapScore="30" visitedClasses="0" numClasses="0" visitedMethods="0" numMethods="1" />
              <MetadataToken>100663313</MetadataToken>
              <Name>System.Type[] CareBoo.Serially.Editor.SerializableTypeDrawer::GetDerivedTypes(System.Type)</Name>
              <FileRef uid="7" />
              <SequencePoints>
                <SequencePoint vc="0" uspid="606" ordinal="0" offset="0" sl="68" sc="0" el="68" ec="0" bec="0" bev="0" fileid="7" />
                <SequencePoint vc="0" uspid="607" ordinal="0" offset="1" sl="69" sc="0" el="69" ec="0" bec="0" bev="0" fileid="7" />
                <SequencePoint vc="0" uspid="608" ordinal="0" offset="120" sl="75" sc="0" el="75" ec="0" bec="0" bev="0" fileid="7" />
                <SequencePoint vc="0" uspid="609" ordinal="0" offset="165" sl="76" sc="0" el="76" ec="0" bec="0" bev="0" fileid="7" />
              </SequencePoints>
              <BranchPoints />
            </Method>
            <Method visited="false" cyclomaticComplexity="1" nPathComplexity="0" sequenceCoverage="0.0" branchCoverage="0" crapScore="2" isConstructor="false" isStatic="false" isGetter="false" isSetter="false">
              <Summary numSequencePoints="3" visitedSequencePoints="0" numBranchPoints="0" visitedBranchPoints="0" sequenceCoverage="0.0" branchCoverage="0" maxCyclomaticComplexity="1" minCyclomaticComplexity="1" maxCrapScore="2" minCrapScore="2" visitedClasses="0" numClasses="0" visitedMethods="0" numMethods="1" />
              <MetadataToken>100663314</MetadataToken>
              <Name>System.Action[Type] CareBoo.Serially.Editor.SerializableTypeDrawer::SetTypeValue(UnityEditor.SerializedProperty)</Name>
              <FileRef uid="7" />
              <SequencePoints>
                <SequencePoint vc="0" uspid="610" ordinal="0" offset="13" sl="79" sc="0" el="79" ec="0" bec="0" bev="0" fileid="7" />
                <SequencePoint vc="0" uspid="611" ordinal="0" offset="14" sl="80" sc="0" el="80" ec="0" bec="0" bev="0" fileid="7" />
                <SequencePoint vc="0" uspid="612" ordinal="0" offset="29" sl="89" sc="0" el="89" ec="0" bec="0" bev="0" fileid="7" />
              </SequencePoints>
              <BranchPoints />
            </Method>
            <Method visited="false" cyclomaticComplexity="1" nPathComplexity="0" sequenceCoverage="0.0" branchCoverage="0" crapScore="2" isConstructor="false" isStatic="false" isGetter="false" isSetter="false">
              <Summary numSequencePoints="3" visitedSequencePoints="0" numBranchPoints="0" visitedBranchPoints="0" sequenceCoverage="0.0" branchCoverage="0" maxCyclomaticComplexity="1" minCyclomaticComplexity="1" maxCrapScore="2" minCrapScore="2" visitedClasses="0" numClasses="0" visitedMethods="0" numMethods="1" />
              <MetadataToken>100663315</MetadataToken>
              <Name>System.Type CareBoo.Serially.Editor.SerializableTypeDrawer::GetTypeValue(UnityEditor.SerializedProperty)</Name>
              <FileRef uid="7" />
              <SequencePoints>
                <SequencePoint vc="0" uspid="613" ordinal="0" offset="0" sl="92" sc="0" el="92" ec="0" bec="0" bev="0" fileid="7" />
                <SequencePoint vc="0" uspid="614" ordinal="0" offset="1" sl="93" sc="0" el="93" ec="0" bec="0" bev="0" fileid="7" />
                <SequencePoint vc="0" uspid="615" ordinal="0" offset="15" sl="94" sc="0" el="94" ec="0" bec="0" bev="0" fileid="7" />
              </SequencePoints>
              <BranchPoints />
            </Method>
          </Methods>
        </Class>
        <Class>
          <Summary numSequencePoints="1" visitedSequencePoints="0" numBranchPoints="0" visitedBranchPoints="0" sequenceCoverage="0.0" branchCoverage="0.0" maxCyclomaticComplexity="1" minCyclomaticComplexity="1" maxCrapScore="2" minCrapScore="2" visitedClasses="0" numClasses="1" visitedMethods="0" numMethods="1" />
          <FullName>CareBoo.Serially.Editor.SerializableTypeMeta</FullName>
          <Methods>
            <Method visited="false" cyclomaticComplexity="1" nPathComplexity="0" sequenceCoverage="0.0" branchCoverage="0" crapScore="2" isConstructor="true" isStatic="true" isGetter="false" isSetter="false">
              <Summary numSequencePoints="1" visitedSequencePoints="0" numBranchPoints="0" visitedBranchPoints="0" sequenceCoverage="0.0" branchCoverage="0" maxCyclomaticComplexity="1" minCyclomaticComplexity="1" maxCrapScore="2" minCrapScore="2" visitedClasses="0" numClasses="0" visitedMethods="0" numMethods="1" />
              <MetadataToken>100663318</MetadataToken>
              <Name>static CareBoo.Serially.Editor.SerializableTypeMeta::SerializableTypeMeta()</Name>
              <FileRef uid="7" />
              <SequencePoints>
                <SequencePoint vc="0" uspid="616" ordinal="0" offset="0" sl="99" sc="0" el="99" ec="0" bec="0" bev="0" fileid="7" />
              </SequencePoints>
              <BranchPoints />
            </Method>
          </Methods>
        </Class>
        <Class>
          <Summary numSequencePoints="32" visitedSequencePoints="0" numBranchPoints="0" visitedBranchPoints="0" sequenceCoverage="0.0" branchCoverage="0.0" maxCyclomaticComplexity="4" minCyclomaticComplexity="2" maxCrapScore="20" minCrapScore="6" visitedClasses="0" numClasses="1" visitedMethods="0" numMethods="6" />
          <FullName>CareBoo.Serially.Editor.SerializedPropertyExtensions</FullName>
          <Methods>
            <Method visited="false" cyclomaticComplexity="3" nPathComplexity="0" sequenceCoverage="0.0" branchCoverage="0" crapScore="12" isConstructor="false" isStatic="true" isGetter="false" isSetter="false">
              <Summary numSequencePoints="3" visitedSequencePoints="0" numBranchPoints="0" visitedBranchPoints="0" sequenceCoverage="0.0" branchCoverage="0" maxCyclomaticComplexity="3" minCyclomaticComplexity="3" maxCrapScore="12" minCrapScore="12" visitedClasses="0" numClasses="0" visitedMethods="0" numMethods="1" />
              <MetadataToken>100663319</MetadataToken>
              <Name>static System.Type CareBoo.Serially.Editor.SerializedPropertyExtensions::GetManagedReferenceFieldType(UnityEditor.SerializedProperty)</Name>
              <FileRef uid="8" />
              <SequencePoints>
                <SequencePoint vc="0" uspid="617" ordinal="0" offset="0" sl="10" sc="0" el="10" ec="0" bec="0" bev="0" fileid="8" />
                <SequencePoint vc="0" uspid="618" ordinal="0" offset="1" sl="11" sc="0" el="11" ec="0" bec="0" bev="0" fileid="8" />
                <SequencePoint vc="0" uspid="619" ordinal="0" offset="23" sl="14" sc="0" el="14" ec="0" bec="0" bev="0" fileid="8" />
              </SequencePoints>
              <BranchPoints />
            </Method>
            <Method visited="false" cyclomaticComplexity="3" nPathComplexity="0" sequenceCoverage="0.0" branchCoverage="0" crapScore="12" isConstructor="false" isStatic="true" isGetter="false" isSetter="false">
              <Summary numSequencePoints="3" visitedSequencePoints="0" numBranchPoints="0" visitedBranchPoints="0" sequenceCoverage="0.0" branchCoverage="0" maxCyclomaticComplexity="3" minCyclomaticComplexity="3" maxCrapScore="12" minCrapScore="12" visitedClasses="0" numClasses="0" visitedMethods="0" numMethods="1" />
              <MetadataToken>100663320</MetadataToken>
              <Name>static System.Type CareBoo.Serially.Editor.SerializedPropertyExtensions::GetManagedReferenceValueType(UnityEditor.SerializedProperty)</Name>
              <FileRef uid="9" />
              <SequencePoints>
                <SequencePoint vc="0" uspid="620" ordinal="0" offset="0" sl="10" sc="0" el="10" ec="0" bec="0" bev="0" fileid="9" />
                <SequencePoint vc="0" uspid="621" ordinal="0" offset="1" sl="11" sc="0" el="11" ec="0" bec="0" bev="0" fileid="9" />
                <SequencePoint vc="0" uspid="622" ordinal="0" offset="23" sl="14" sc="0" el="14" ec="0" bec="0" bev="0" fileid="9" />
              </SequencePoints>
              <BranchPoints />
            </Method>
            <Method visited="false" cyclomaticComplexity="2" nPathComplexity="0" sequenceCoverage="0.0" branchCoverage="0" crapScore="6" isConstructor="false" isStatic="true" isGetter="false" isSetter="false">
              <Summary numSequencePoints="6" visitedSequencePoints="0" numBranchPoints="0" visitedBranchPoints="0" sequenceCoverage="0.0" branchCoverage="0" maxCyclomaticComplexity="2" minCyclomaticComplexity="2" maxCrapScore="6" minCrapScore="6" visitedClasses="0" numClasses="0" visitedMethods="0" numMethods="1" />
              <MetadataToken>100663321</MetadataToken>
              <Name>static System.Type[] CareBoo.Serially.Editor.SerializedPropertyExtensions::GetSelectableManagedReferenceValueTypes(UnityEditor.SerializedProperty)</Name>
              <FileRef uid="10" />
              <SequencePoints>
                <SequencePoint vc="0" uspid="623" ordinal="0" offset="0" sl="11" sc="0" el="11" ec="0" bec="0" bev="0" fileid="10" />
                <SequencePoint vc="0" uspid="624" ordinal="0" offset="1" sl="12" sc="0" el="12" ec="0" bec="0" bev="0" fileid="10" />
                <SequencePoint vc="0" uspid="625" ordinal="0" offset="8" sl="13" sc="0" el="13" ec="0" bec="0" bev="0" fileid="10" />
[...]
              <Summary numSequencePoints="4" visitedSequencePoints="0" numBranchPoints="0" visitedBranchPoints="0" sequenceCoverage="0.0" branchCoverage="0" maxCyclomaticComplexity="2" minCyclomaticComplexity="2" maxCrapScore="6" minCrapScore="6" visitedClasses="0" numClasses="0" visitedMethods="0" numMethods="1" />
              <MetadataToken>100663344</MetadataToken>
              <Name>System.Void CareBoo.Serially.Editor.TypePickerWindow::OnItemChosen(System.Object)</Name>
              <FileRef uid="20" />
              <SequencePoints>
                <SequencePoint vc="0" uspid="748" ordinal="0" offset="0" sl="119" sc="0" el="119" ec="0" bec="0" bev="0" fileid="20" />
                <SequencePoint vc="0" uspid="749" ordinal="0" offset="1" sl="120" sc="0" el="120" ec="0" bec="0" bev="0" fileid="20" />
                <SequencePoint vc="0" uspid="750" ordinal="0" offset="25" sl="121" sc="0" el="121" ec="0" bec="0" bev="0" fileid="20" />
                <SequencePoint vc="0" uspid="751" ordinal="0" offset="32" sl="122" sc="0" el="122" ec="0" bec="0" bev="0" fileid="20" />
              </SequencePoints>
              <BranchPoints />
            </Method>
            <Method visited="false" cyclomaticComplexity="3" nPathComplexity="0" sequenceCoverage="0.0" branchCoverage="0" crapScore="12" isConstructor="false" isStatic="false" isGetter="false" isSetter="false">
              <Summary numSequencePoints="8" visitedSequencePoints="0" numBranchPoints="0" visitedBranchPoints="0" sequenceCoverage="0.0" branchCoverage="0" maxCyclomaticComplexity="3" minCyclomaticComplexity="3" maxCrapScore="12" minCrapScore="12" visitedClasses="0" numClasses="0" visitedMethods="0" numMethods="1" />
              <MetadataToken>100663345</MetadataToken>
              <Name>System.Void CareBoo.Serially.Editor.TypePickerWindow::UpdateTypeSearch(UnityEngine.UIElements.ChangeEvent[String])</Name>
              <FileRef uid="20" />
              <SequencePoints>
                <SequencePoint vc="0" uspid="752" ordinal="0" offset="0" sl="125" sc="0" el="125" ec="0" bec="0" bev="0" fileid="20" />
                <SequencePoint vc="0" uspid="753" ordinal="0" offset="1" sl="126" sc="0" el="126" ec="0" bec="0" bev="0" fileid="20" />
                <SequencePoint vc="0" uspid="754" ordinal="0" offset="19" sl="127" sc="0" el="127" ec="0" bec="0" bev="0" fileid="20" />
                <SequencePoint vc="0" uspid="755" ordinal="0" offset="59" sl="128" sc="0" el="128" ec="0" bec="0" bev="0" fileid="20" />
                <SequencePoint vc="0" uspid="756" ordinal="0" offset="77" sl="129" sc="0" el="129" ec="0" bec="0" bev="0" fileid="20" />
                <SequencePoint vc="0" uspid="757" ordinal="0" offset="106" sl="130" sc="0" el="130" ec="0" bec="0" bev="0" fileid="20" />
                <SequencePoint vc="0" uspid="758" ordinal="0" offset="123" sl="131" sc="0" el="131" ec="0" bec="0" bev="0" fileid="20" />
                <SequencePoint vc="0" uspid="759" ordinal="0" offset="135" sl="132" sc="0" el="132" ec="0" bec="0" bev="0" fileid="20" />
              </SequencePoints>
              <BranchPoints />
            </Method>
            <Method visited="false" cyclomaticComplexity="2" nPathComplexity="0" sequenceCoverage="0.0" branchCoverage="0" crapScore="6" isConstructor="false" isStatic="false" isGetter="false" isSetter="false">
              <Summary numSequencePoints="3" visitedSequencePoints="0" numBranchPoints="0" visitedBranchPoints="0" sequenceCoverage="0.0" branchCoverage="0" maxCyclomaticComplexity="2" minCyclomaticComplexity="2" maxCrapScore="6" minCrapScore="6" visitedClasses="0" numClasses="0" visitedMethods="0" numMethods="1" />
              <MetadataToken>100663346</MetadataToken>
              <Name>System.Boolean CareBoo.Serially.Editor.TypePickerWindow::IsInSearch(System.Type)</Name>
              <FileRef uid="20" />
              <SequencePoints>
                <SequencePoint vc="0" uspid="760" ordinal="0" offset="0" sl="135" sc="0" el="135" ec="0" bec="0" bev="0" fileid="20" />
                <SequencePoint vc="0" uspid="761" ordinal="0" offset="1" sl="136" sc="0" el="136" ec="0" bec="0" bev="0" fileid="20" />
                <SequencePoint vc="0" uspid="762" ordinal="0" offset="37" sl="138" sc="0" el="138" ec="0" bec="0" bev="0" fileid="20" />
              </SequencePoints>
              <BranchPoints />
            </Method>
            <Method visited="false" cyclomaticComplexity="1" nPathComplexity="0" sequenceCoverage="0.0" branchCoverage="0" crapScore="2" isConstructor="true" isStatic="true" isGetter="false" isSetter="false">
              <Summary numSequencePoints="1" visitedSequencePoints="0" numBranchPoints="0" visitedBranchPoints="0" sequenceCoverage="0.0" branchCoverage="0" maxCyclomaticComplexity="1" minCyclomaticComplexity="1" maxCrapScore="2" minCrapScore="2" visitedClasses="0" numClasses="0" visitedMethods="0" numMethods="1" />
              <MetadataToken>100663348</MetadataToken>
              <Name>static CareBoo.Serially.Editor.TypePickerWindow::TypePickerWindow()</Name>
              <FileRef uid="20" />
              <SequencePoints>
                <SequencePoint vc="0" uspid="763" ordinal="0" offset="0" sl="25" sc="0" el="25" ec="0" bec="0" bev="0" fileid="20" />
              </SequencePoints>
              <BranchPoints />
            </Method>
          </Methods>
        </Class>
        <Class>
          <Summary numSequencePoints="2" visitedSequencePoints="0" numBranchPoints="0" visitedBranchPoints="0" sequenceCoverage="0.0" branchCoverage="0.0" maxCyclomaticComplexity="1" minCyclomaticComplexity="1" maxCrapScore="2" minCrapScore="2" visitedClasses="0" numClasses="1" visitedMethods="0" numMethods="1" />
          <FullName>CareBoo.Serially.Editor.EditorGUIExtensions/Styles</FullName>
          <Methods>
            <Method visited="false" cyclomaticComplexity="1" nPathComplexity="0" sequenceCoverage="0.0" branchCoverage="0" crapScore="2" isConstructor="true" isStatic="true" isGetter="false" isSetter="false">
              <Summary numSequencePoints="2" visitedSequencePoints="0" numBranchPoints="0" visitedBranchPoints="0" sequenceCoverage="0.0" branchCoverage="0" maxCyclomaticComplexity="1" minCyclomaticComplexity="1" maxCrapScore="2" minCrapScore="2" visitedClasses="0" numClasses="0" visitedMethods="0" numMethods="1" />
              <MetadataToken>100663349</MetadataToken>
              <Name>static CareBoo.Serially.Editor.EditorGUIExtensions/Styles::Styles()</Name>
              <FileRef uid="4" />
              <SequencePoints>
                <SequencePoint vc="0" uspid="764" ordinal="0" offset="0" sl="14" sc="0" el="14" ec="0" bec="0" bev="0" fileid="4" />
                <SequencePoint vc="0" uspid="765" ordinal="0" offset="15" sl="15" sc="0" el="15" ec="0" bec="0" bev="0" fileid="4" />
              </SequencePoints>
              <BranchPoints />
            </Method>
          </Methods>
        </Class>
        <Class>
          <Summary numSequencePoints="22" visitedSequencePoints="0" numBranchPoints="0" visitedBranchPoints="0" sequenceCoverage="0.0" branchCoverage="0.0" maxCyclomaticComplexity="6" minCyclomaticComplexity="6" maxCrapScore="42" minCrapScore="42" visitedClasses="0" numClasses="1" visitedMethods="0" numMethods="1" />
          <FullName>CareBoo.Serially.Editor.EnumerableExtensions&lt;SkipLastIterator&gt;d__2[TSource]</FullName>
          <Methods>
            <Method visited="false" cyclomaticComplexity="6" nPathComplexity="0" sequenceCoverage="0.0" branchCoverage="0" crapScore="42" isConstructor="false" isStatic="false" isGetter="false" isSetter="false">
              <Summary numSequencePoints="22" visitedSequencePoints="0" numBranchPoints="0" visitedBranchPoints="0" sequenceCoverage="0.0" branchCoverage="0" maxCyclomaticComplexity="6" minCyclomaticComplexity="6" maxCrapScore="42" minCrapScore="42" visitedClasses="0" numClasses="0" visitedMethods="0" numMethods="1" />
              <MetadataToken>100663352</MetadataToken>
              <Name>System.Boolean CareBoo.Serially.Editor.EnumerableExtensions&lt;SkipLastIterator&gt;d__2[TSource]::MoveNext()</Name>
              <FileRef uid="6" />
              <SequencePoints>
                <SequencePoint vc="0" uspid="766" ordinal="0" offset="39" sl="20" sc="0" el="20" ec="0" bec="0" bev="0" fileid="6" />
                <SequencePoint vc="0" uspid="767" ordinal="0" offset="40" sl="21" sc="0" el="21" ec="0" bec="0" bev="0" fileid="6" />
                <SequencePoint vc="0" uspid="768" ordinal="0" offset="55" sl="22" sc="0" el="22" ec="0" bec="0" bev="0" fileid="6" />
                <SequencePoint vc="0" uspid="769" ordinal="0" offset="70" sl="24" sc="0" el="24" ec="0" bec="0" bev="0" fileid="6" />
                <SequencePoint vc="0" uspid="770" ordinal="0" offset="81" sl="26" sc="0" el="26" ec="0" bec="0" bev="0" fileid="6" />
                <SequencePoint vc="0" uspid="771" ordinal="0" offset="106" sl="27" sc="0" el="27" ec="0" bec="0" bev="0" fileid="6" />
                <SequencePoint vc="0" uspid="772" ordinal="0" offset="112" sl="29" sc="0" el="29" ec="0" bec="0" bev="0" fileid="6" />
                <SequencePoint vc="0" uspid="773" ordinal="0" offset="113" sl="30" sc="0" el="30" ec="0" bec="0" bev="0" fileid="6" />
                <SequencePoint vc="0" uspid="774" ordinal="0" offset="136" sl="31" sc="0" el="31" ec="0" bec="0" bev="0" fileid="6" />
                <SequencePoint vc="0" uspid="775" ordinal="0" offset="137" sl="33" sc="0" el="33" ec="0" bec="0" bev="0" fileid="6" />
                <SequencePoint vc="0" uspid="776" ordinal="0" offset="138" sl="34" sc="0" el="34" ec="0" bec="0" bev="0" fileid="6" />
                <SequencePoint vc="0" uspid="777" ordinal="0" offset="174" sl="35" sc="0" el="35" ec="0" bec="0" bev="0" fileid="6" />
                <SequencePoint vc="0" uspid="778" ordinal="0" offset="197" sl="36" sc="0" el="36" ec="0" bec="0" bev="0" fileid="6" />
                <SequencePoint vc="0" uspid="779" ordinal="0" offset="198" sl="37" sc="0" el="37" ec="0" bec="0" bev="0" fileid="6" />
                <SequencePoint vc="0" uspid="780" ordinal="0" offset="213" sl="38" sc="0" el="38" ec="0" bec="0" bev="0" fileid="6" />
                <SequencePoint vc="0" uspid="781" ordinal="0" offset="215" sl="41" sc="0" el="41" ec="0" bec="0" bev="0" fileid="6" />
                <SequencePoint vc="0" uspid="782" ordinal="0" offset="216" sl="42" sc="0" el="42" ec="0" bec="0" bev="0" fileid="6" />
                <SequencePoint vc="0" uspid="783" ordinal="0" offset="239" sl="43" sc="0" el="43" ec="0" bec="0" bev="0" fileid="6" />
                <SequencePoint vc="0" uspid="784" ordinal="0" offset="240" sl="44" sc="0" el="44" ec="0" bec="0" bev="0" fileid="6" />
                <SequencePoint vc="0" uspid="785" ordinal="0" offset="241" sl="28" sc="0" el="28" ec="0" bec="0" bev="0" fileid="6" />
                <SequencePoint vc="0" uspid="786" ordinal="0" offset="261" sl="45" sc="0" el="45" ec="0" bec="0" bev="0" fileid="6" />
                <SequencePoint vc="0" uspid="787" ordinal="0" offset="276" sl="46" sc="0" el="46" ec="0" bec="0" bev="0" fileid="6" />
              </SequencePoints>
              <BranchPoints />
            </Method>
          </Methods>
        </Class>
        <Class>
          <Summary numSequencePoints="4" visitedSequencePoints="0" numBranchPoints="0" visitedBranchPoints="0" sequenceCoverage="0.0" branchCoverage="0.0" maxCyclomaticComplexity="1" minCyclomaticComplexity="1" maxCrapScore="2" minCrapScore="2" visitedClasses="0" numClasses="1" visitedMethods="0" numMethods="4" />
          <FullName>CareBoo.Serially.Editor.SerializableTypeDrawer/&lt;&gt;c</FullName>
          <Methods>
            <Method visited="false" cyclomaticComplexity="1" nPathComplexity="0" sequenceCoverage="0.0" branchCoverage="0" crapScore="2" isConstructor="false" isStatic="false" isGetter="false" isSetter="false">
              <Summary numSequencePoints="1" visitedSequencePoints="0" numBranchPoints="0" visitedBranchPoints="0" sequenceCoverage="0.0" branchCoverage="0" maxCyclomaticComplexity="1" minCyclomaticComplexity="1" maxCrapScore="2" minCrapScore="2" visitedClasses="0" numClasses="0" visitedMethods="0" numMethods="1" />
              <MetadataToken>100663361</MetadataToken>
              <Name>System.Collections.Generic.IEnumerable[String] CareBoo.Serially.Editor.SerializableTypeDrawer/&lt;&gt;c::&lt;CreateTypeDelegate&gt;b__2_0(System.Collections.Generic.IEnumerable[String])</Name>
              <FileRef uid="7" />
              <SequencePoints>
                <SequencePoint vc="0" uspid="788" ordinal="0" offset="0" sl="58" sc="0" el="58" ec="0" bec="0" bev="0" fileid="7" />
              </SequencePoints>
              <BranchPoints />
            </Method>
            <Method visited="false" cyclomaticComplexity="1" nPathComplexity="0" sequenceCoverage="0.0" branchCoverage="0" crapScore="2" isConstructor="false" isStatic="false" isGetter="false" isSetter="false">
              <Summary numSequencePoints="1" visitedSequencePoints="0" numBranchPoints="0" visitedBranchPoints="0" sequenceCoverage="0.0" branchCoverage="0" maxCyclomaticComplexity="1" minCyclomaticComplexity="1" maxCrapScore="2" minCrapScore="2" visitedClasses="0" numClasses="0" visitedMethods="0" numMethods="1" />
              <MetadataToken>100663362</MetadataToken>
              <Name>System.String CareBoo.Serially.Editor.SerializableTypeDrawer/&lt;&gt;c::&lt;GetDerivedTypes&gt;b__3_0(UnityEditor.Compilation.Assembly)</Name>
              <FileRef uid="7" />
              <SequencePoints>
                <SequencePoint vc="0" uspid="789" ordinal="0" offset="0" sl="72" sc="0" el="72" ec="0" bec="0" bev="0" fileid="7" />
              </SequencePoints>
              <BranchPoints />
            </Method>
            <Method visited="false" cyclomaticComplexity="1" nPathComplexity="0" sequenceCoverage="0.0" branchCoverage="0" crapScore="2" isConstructor="false" isStatic="false" isGetter="false" isSetter="false">
              <Summary numSequencePoints="1" visitedSequencePoints="0" numBranchPoints="0" visitedBranchPoints="0" sequenceCoverage="0.0" branchCoverage="0" maxCyclomaticComplexity="1" minCyclomaticComplexity="1" maxCrapScore="2" minCrapScore="2" visitedClasses="0" numClasses="0" visitedMethods="0" numMethods="1" />
              <MetadataToken>100663363</MetadataToken>
              <Name>System.Collections.Generic.IEnumerable[Type] CareBoo.Serially.Editor.SerializableTypeDrawer/&lt;&gt;c::&lt;GetDerivedTypes&gt;b__3_1(System.Reflection.Assembly)</Name>
              <FileRef uid="7" />
              <SequencePoints>
                <SequencePoint vc="0" uspid="790" ordinal="0" offset="0" sl="74" sc="0" el="74" ec="0" bec="0" bev="0" fileid="7" />
              </SequencePoints>
              <BranchPoints />
            </Method>
            <Method visited="false" cyclomaticComplexity="1" nPathComplexity="0" sequenceCoverage="0.0" branchCoverage="0" crapScore="2" isConstructor="false" isStatic="false" isGetter="false" isSetter="false">
              <Summary numSequencePoints="1" visitedSequencePoints="0" numBranchPoints="0" visitedBranchPoints="0" sequenceCoverage="0.0" branchCoverage="0" maxCyclomaticComplexity="1" minCyclomaticComplexity="1" maxCrapScore="2" minCrapScore="2" visitedClasses="0" numClasses="0" visitedMethods="0" numMethods="1" />
              <MetadataToken>100663364</MetadataToken>
              <Name>System.Boolean CareBoo.Serially.Editor.SerializableTypeDrawer/&lt;&gt;c::&lt;GetDerivedTypes&gt;b__3_2(System.Type)</Name>
              <FileRef uid="7" />
              <SequencePoints>
                <SequencePoint vc="0" uspid="791" ordinal="0" offset="0" sl="75" sc="0" el="75" ec="0" bec="0" bev="0" fileid="7" />
              </SequencePoints>
              <BranchPoints />
            </Method>
          </Methods>
        </Class>
        <Class>
          <Summary numSequencePoints="8" visitedSequencePoints="0" numBranchPoints="0" visitedBranchPoints="0" sequenceCoverage="0.0" branchCoverage="0.0" maxCyclomaticComplexity="3" minCyclomaticComplexity="3" maxCrapScore="12" minCrapScore="12" visitedClasses="0" numClasses="1" visitedMethods="0" numMethods="1" />
          <FullName>CareBoo.Serially.Editor.SerializableTypeDrawer/&lt;&gt;c__DisplayClass4_0</FullName>
          <Methods>
            <Method visited="false" cyclomaticComplexity="3" nPathComplexity="0" sequenceCoverage="0.0" branchCoverage="0" crapScore="12" isConstructor="false" isStatic="false" isGetter="false" isSetter="false">
              <Summary numSequencePoints="8" visitedSequencePoints="0" numBranchPoints="0" visitedBranchPoints="0" sequenceCoverage="0.0" branchCoverage="0" maxCyclomaticComplexity="3" minCyclomaticComplexity="3" maxCrapScore="12" minCrapScore="12" visitedClasses="0" numClasses="0" visitedMethods="0" numMethods="1" />
              <MetadataToken>100663366</MetadataToken>
              <Name>System.Void CareBoo.Serially.Editor.SerializableTypeDrawer/&lt;&gt;c__DisplayClass4_0::&lt;SetTypeValue&gt;b__0(System.Type)</Name>
              <FileRef uid="7" />
              <SequencePoints>
                <SequencePoint vc="0" uspid="792" ordinal="0" offset="0" sl="81" sc="0" el="81" ec="0" bec="0" bev="0" fileid="7" />
                <SequencePoint vc="0" uspid="793" ordinal="0" offset="1" sl="82" sc="0" el="82" ec="0" bec="0" bev="0" fileid="7" />
                <SequencePoint vc="0" uspid="794" ordinal="0" offset="8" sl="83" sc="0" el="83" ec="0" bec="0" bev="0" fileid="7" />
                <SequencePoint vc="0" uspid="795" ordinal="0" offset="43" sl="84" sc="0" el="84" ec="0" bec="0" bev="0" fileid="7" />
                <SequencePoint vc="0" uspid="796" ordinal="0" offset="44" sl="85" sc="0" el="85" ec="0" bec="0" bev="0" fileid="7" />
                <SequencePoint vc="0" uspid="797" ordinal="0" offset="57" sl="86" sc="0" el="86" ec="0" bec="0" bev="0" fileid="7" />
                <SequencePoint vc="0" uspid="798" ordinal="0" offset="74" sl="87" sc="0" el="87" ec="0" bec="0" bev="0" fileid="7" />
                <SequencePoint vc="0" uspid="799" ordinal="0" offset="75" sl="88" sc="0" el="88" ec="0" bec="0" bev="0" fileid="7" />
              </SequencePoints>
              <BranchPoints />
            </Method>
          </Methods>
        </Class>
        <Class>
          <Summary numSequencePoints="1" visitedSequencePoints="0" numBranchPoints="0" visitedBranchPoints="0" sequenceCoverage="0.0" branchCoverage="0.0" maxCyclomaticComplexity="1" minCyclomaticComplexity="1" maxCrapScore="2" minCrapScore="2" visitedClasses="0" numClasses="1" visitedMethods="0" numMethods="1" />
          <FullName>CareBoo.Serially.Editor.TypeExtensions&lt;&gt;c__0[T]</FullName>
          <Methods>
            <Method visited="false" cyclomaticComplexity="1" nPathComplexity="0" sequenceCoverage="0.0" branchCoverage="0" crapScore="2" isConstructor="false" isStatic="false" isGetter="false" isSetter="false">
              <Summary numSequencePoints="1" visitedSequencePoints="0" numBranchPoints="0" visitedBranchPoints="0" sequenceCoverage="0.0" branchCoverage="0" maxCyclomaticComplexity="1" minCyclomaticComplexity="1" maxCrapScore="2" minCrapScore="2" visitedClasses="0" numClasses="0" visitedMethods="0" numMethods="1" />
              <MetadataToken>100663369</MetadataToken>
              <Name>T CareBoo.Serially.Editor.TypeExtensions&lt;&gt;c__0[T]::&lt;GetCustomAttribute&gt;b__0_0(System.Object)</Name>
              <FileRef uid="17" />
              <SequencePoints>
                <SequencePoint vc="1" uspid="800" ordinal="0" offset="0" sl="13" sc="0" el="13" ec="0" bec="0" bev="0" fileid="17" />
              </SequencePoints>
              <BranchPoints />
            </Method>
          </Methods>
        </Class>
      </Classes>
    </Module>
  </Modules>
</CoverageSession>